2026-05-28 10:08:22 INFO  - HV000001: Hibernate Validator 8.0.3.Final
2026-05-28 10:08:22 INFO  - Starting RqueuConsumerApplication using Java 21.0.10 with PID 17592 (C:\Users\metet\Desktop\aws-version\rqueu\rqueu-consumer-new\target\classes started by metet in C:\Users\metet\Desktop\aws-version\rqueu\rqueu-consumer-new)
2026-05-28 10:08:22 INFO  - No active profile set, falling back to 1 default profile: "default"
2026-05-28 10:08:27 INFO  - Started RqueuConsumerApplication in 5.179 seconds (process running for 6.405)
2026-05-28 10:08:27 INFO  - ✅ WireMock Stub Registered!
2026-05-28 10:08:27 INFO  - 🚀 Starting HighConsumers. Concurrency range: 5-10
2026-05-28 10:08:27 INFO  - 🚀 Starting LowConsumers. Concurrency range: 1-2
2026-05-28 10:08:27 INFO  - | From: noreply@hitract.se | To: user-3@student.com | Subject: VIP | HTTP: 200 OK | Lag: 392ms
2026-05-28 10:08:27 INFO  - | From: noreply@hitract.se | To: user-1@student.com | Subject: STANDARD | HTTP: 200 OK | Lag: 398ms
2026-05-28 10:08:27 INFO  - | From: noreply@hitract.se | To: user-5@student.com | Subject: VIP | HTTP: 200 OK | Lag: 385ms
2026-05-28 10:08:27 INFO  - | From: noreply@hitract.se | To: user-9@student.com | Subject: VIP | HTTP: 200 OK | Lag: 369ms
2026-05-28 10:08:27 INFO  - | From: noreply@hitract.se | To: user-0@student.com | Subject: STANDARD | HTTP: 200 OK | Lag: 494ms
2026-05-28 10:08:27 INFO  - | From: noreply@hitract.se | To: user-0@student.com | Subject: VIP | HTTP: 200 OK | Lag: 494ms
2026-05-28 10:08:27 INFO  - | From: noreply@hitract.se | To: user-7@student.com | Subject: VIP | HTTP: 200 OK | Lag: 376ms
2026-05-28 10:08:27 INFO  - | From: noreply@hitract.se | To: user-1@student.com | Subject: VIP | HTTP: 200 OK | Lag: 401ms
2026-05-28 10:08:27 INFO  - | From: noreply@hitract.se | To: user-2@student.com | Subject: VIP | HTTP: 200 OK | Lag: 396ms
2026-05-28 10:08:27 INFO  - | From: noreply@hitract.se | To: user-8@student.com | Subject: VIP | HTTP: 200 OK | Lag: 374ms
2026-05-28 10:08:27 INFO  - | From: noreply@hitract.se | To: user-6@student.com | Subject: VIP | HTTP: 200 OK | Lag: 382ms
2026-05-28 10:08:27 INFO  - | From: noreply@hitract.se | To: user-4@student.com | Subject: VIP | HTTP: 200 OK | Lag: 390ms
2026-05-28 10:08:27 WARN  - This Gauge has been already registered (MeterId{name='queue.size', tags=[tag(key=__rq::queue::{high-priority-mails}),tag(queue=high-priority-mails)]}), the registration will be ignored. Note that subsequent logs will be logged at debug level.
2026-05-28 10:08:27 INFO  - | From: noreply@hitract.se | To: user-2@student.com | Subject: STANDARD | HTTP: 200 OK | Lag: 695ms
2026-05-28 10:08:27 INFO  - | From: noreply@hitract.se | To: user-3@student.com | Subject: STANDARD | HTTP: 200 OK | Lag: 693ms
2026-05-28 10:08:27 INFO  - | From: noreply@hitract.se | To: user-10@student.com | Subject: VIP | HTTP: 200 OK | Lag: 706ms
2026-05-28 10:08:27 INFO  - | From: noreply@hitract.se | To: user-14@student.com | Subject: VIP | HTTP: 200 OK | Lag: 678ms
2026-05-28 10:08:27 INFO  - | From: noreply@hitract.se | To: user-17@student.com | Subject: VIP | HTTP: 200 OK | Lag: 664ms
2026-05-28 10:08:27 INFO  - | From: noreply@hitract.se | To: user-11@student.com | Subject: VIP | HTTP: 200 OK | Lag: 705ms
2026-05-28 10:08:27 INFO  - | From: noreply@hitract.se | To: user-19@student.com | Subject: VIP | HTTP: 200 OK | Lag: 651ms
2026-05-28 10:08:27 INFO  - | From: noreply@hitract.se | To: user-15@student.com | Subject: VIP | HTTP: 200 OK | Lag: 685ms
2026-05-28 10:08:27 INFO  - | From: noreply@hitract.se | To: user-18@student.com | Subject: VIP | HTTP: 200 OK | Lag: 670ms
2026-05-28 10:08:27 INFO  - | From: noreply@hitract.se | To: user-13@student.com | Subject: VIP | HTTP: 200 OK | Lag: 701ms
2026-05-28 10:08:27 INFO  - | From: noreply@hitract.se | To: user-12@student.com | Subject: VIP | HTTP: 200 OK | Lag: 708ms
2026-05-28 10:08:27 INFO  - | From: noreply@hitract.se | To: user-16@student.com | Subject: VIP | HTTP: 200 OK | Lag: 692ms
2026-05-28 10:08:27 INFO  - | From: noreply@hitract.se | To: user-5@student.com | Subject: STANDARD | HTTP: 200 OK | Lag: 865ms
2026-05-28 10:08:27 INFO  - | From: noreply@hitract.se | To: user-4@student.com | Subject: STANDARD | HTTP: 200 OK | Lag: 871ms
2026-05-28 10:08:27 INFO  - | From: noreply@hitract.se | To: user-24@student.com | Subject: VIP | HTTP: 200 OK | Lag: 760ms
2026-05-28 10:08:27 INFO  - | From: noreply@hitract.se | To: user-20@student.com | Subject: VIP | HTTP: 200 OK | Lag: 808ms
2026-05-28 10:08:27 INFO  - | From: noreply@hitract.se | To: user-23@student.com | Subject: VIP | HTTP: 200 OK | Lag: 768ms
2026-05-28 10:08:27 INFO  - | From: noreply@hitract.se | To: user-22@student.com | Subject: VIP | HTTP: 200 OK | Lag: 775ms
2026-05-28 10:08:27 INFO  - | From: noreply@hitract.se | To: user-21@student.com | Subject: VIP | HTTP: 200 OK | Lag: 788ms
2026-05-28 10:08:27 INFO  - | From: noreply@hitract.se | To: user-7@student.com | Subject: STANDARD | HTTP: 200 OK | Lag: 1060ms
2026-05-28 10:08:27 INFO  - | From: noreply@hitract.se | To: user-6@student.com | Subject: STANDARD | HTTP: 200 OK | Lag: 1064ms
2026-05-28 10:08:28 INFO  - | From: noreply@hitract.se | To: user-8@student.com | Subject: STANDARD | HTTP: 200 OK | Lag: 1257ms
2026-05-28 10:08:28 INFO  - | From: noreply@hitract.se | To: user-9@student.com | Subject: STANDARD | HTTP: 200 OK | Lag: 1252ms
2026-05-28 10:08:28 INFO  - | From: noreply@hitract.se | To: user-10@student.com | Subject: STANDARD | HTTP: 200 OK | Lag: 1459ms
2026-05-28 10:08:28 INFO  - | From: noreply@hitract.se | To: user-11@student.com | Subject: STANDARD | HTTP: 200 OK | Lag: 1449ms
2026-05-28 10:08:28 INFO  - | From: noreply@hitract.se | To: user-13@student.com | Subject: STANDARD | HTTP: 200 OK | Lag: 1662ms
2026-05-28 10:08:28 INFO  - | From: noreply@hitract.se | To: user-12@student.com | Subject: STANDARD | HTTP: 200 OK | Lag: 1669ms
2026-05-28 10:08:28 INFO  - | From: noreply@hitract.se | To: user-15@student.com | Subject: STANDARD | HTTP: 200 OK | Lag: 1856ms
2026-05-28 10:08:28 INFO  - | From: noreply@hitract.se | To: user-14@student.com | Subject: STANDARD | HTTP: 200 OK | Lag: 1860ms
2026-05-28 10:08:29 INFO  - | From: noreply@hitract.se | To: user-17@student.com | Subject: STANDARD | HTTP: 200 OK | Lag: 2064ms
2026-05-28 10:08:29 INFO  - | From: noreply@hitract.se | To: user-16@student.com | Subject: STANDARD | HTTP: 200 OK | Lag: 2074ms
2026-05-28 10:08:29 INFO  - | From: noreply@hitract.se | To: user-18@student.com | Subject: STANDARD | HTTP: 200 OK | Lag: 2257ms
2026-05-28 10:08:29 INFO  - | From: noreply@hitract.se | To: user-19@student.com | Subject: STANDARD | HTTP: 200 OK | Lag: 2241ms
2026-05-28 10:08:29 INFO  - | From: noreply@hitract.se | To: user-21@student.com | Subject: STANDARD | HTTP: 200 OK | Lag: 2410ms
2026-05-28 10:08:29 INFO  - | From: noreply@hitract.se | To: user-20@student.com | Subject: STANDARD | HTTP: 200 OK | Lag: 2417ms
2026-05-28 10:08:29 INFO  - | From: noreply@hitract.se | To: user-22@student.com | Subject: STANDARD | HTTP: 200 OK | Lag: 2633ms
2026-05-28 10:08:29 INFO  - | From: noreply@hitract.se | To: user-23@student.com | Subject: STANDARD | HTTP: 200 OK | Lag: 2628ms
2026-05-28 10:08:29 INFO  - | From: noreply@hitract.se | To: user-24@student.com | Subject: STANDARD | HTTP: 200 OK | Lag: 2824ms
2026-05-28 10:08:29 INFO  - | From: noreply@hitract.se | To: user-25@student.com | Subject: STANDARD | HTTP: 200 OK | Lag: 2818ms
2026-05-28 10:08:30 INFO  - | From: noreply@hitract.se | To: user-26@student.com | Subject: STANDARD | HTTP: 200 OK | Lag: 3041ms
2026-05-28 10:08:30 INFO  - | From: noreply@hitract.se | To: user-27@student.com | Subject: STANDARD | HTTP: 200 OK | Lag: 3035ms
2026-05-28 10:08:30 INFO  - | From: noreply@hitract.se | To: user-28@student.com | Subject: STANDARD | HTTP: 200 OK | Lag: 3236ms
2026-05-28 10:08:30 INFO  - | From: noreply@hitract.se | To: user-29@student.com | Subject: STANDARD | HTTP: 200 OK | Lag: 3229ms
2026-05-28 10:08:30 INFO  - | From: noreply@hitract.se | To: user-31@student.com | Subject: STANDARD | HTTP: 200 OK | Lag: 3441ms
2026-05-28 10:08:30 INFO  - | From: noreply@hitract.se | To: user-30@student.com | Subject: STANDARD | HTTP: 200 OK | Lag: 3451ms
2026-05-28 10:08:30 INFO  - | From: noreply@hitract.se | To: user-33@student.com | Subject: STANDARD | HTTP: 200 OK | Lag: 3625ms
2026-05-28 10:08:30 INFO  - | From: noreply@hitract.se | To: user-32@student.com | Subject: STANDARD | HTTP: 200 OK | Lag: 3632ms
2026-05-28 10:08:30 INFO  - | From: noreply@hitract.se | To: user-34@student.com | Subject: STANDARD | HTTP: 200 OK | Lag: 3823ms
2026-05-28 10:08:30 INFO  - | From: noreply@hitract.se | To: user-35@student.com | Subject: STANDARD | HTTP: 200 OK | Lag: 3817ms
2026-05-28 10:08:31 INFO  - | From: noreply@hitract.se | To: user-37@student.com | Subject: STANDARD | HTTP: 200 OK | Lag: 4023ms
2026-05-28 10:08:31 INFO  - | From: noreply@hitract.se | To: user-36@student.com | Subject: STANDARD | HTTP: 200 OK | Lag: 4028ms
2026-05-28 10:08:31 INFO  - | From: noreply@hitract.se | To: user-39@student.com | Subject: STANDARD | HTTP: 200 OK | Lag: 4220ms
2026-05-28 10:08:31 INFO  - | From: noreply@hitract.se | To: user-38@student.com | Subject: STANDARD | HTTP: 200 OK | Lag: 4225ms
2026-05-28 10:08:31 INFO  - | From: noreply@hitract.se | To: user-40@student.com | Subject: STANDARD | HTTP: 200 OK | Lag: 4429ms
2026-05-28 10:08:31 INFO  - | From: noreply@hitract.se | To: user-41@student.com | Subject: STANDARD | HTTP: 200 OK | Lag: 4424ms
2026-05-28 10:08:31 INFO  - | From: noreply@hitract.se | To: user-42@student.com | Subject: STANDARD | HTTP: 200 OK | Lag: 4630ms
2026-05-28 10:08:31 INFO  - | From: noreply@hitract.se | To: user-43@student.com | Subject: STANDARD | HTTP: 200 OK | Lag: 4627ms
2026-05-28 10:08:31 INFO  - | From: noreply@hitract.se | To: user-45@student.com | Subject: STANDARD | HTTP: 200 OK | Lag: 4838ms
2026-05-28 10:08:31 INFO  - | From: noreply@hitract.se | To: user-44@student.com | Subject: STANDARD | HTTP: 200 OK | Lag: 4841ms
2026-05-28 10:08:32 INFO  - | From: noreply@hitract.se | To: user-47@student.com | Subject: STANDARD | HTTP: 200 OK | Lag: 5045ms
2026-05-28 10:08:32 INFO  - | From: noreply@hitract.se | To: user-46@student.com | Subject: STANDARD | HTTP: 200 OK | Lag: 5049ms
2026-05-28 10:08:32 INFO  - | From: noreply@hitract.se | To: user-49@student.com | Subject: STANDARD | HTTP: 200 OK | Lag: 5252ms
2026-05-28 10:08:32 INFO  - | From: noreply@hitract.se | To: user-48@student.com | Subject: STANDARD | HTTP: 200 OK | Lag: 5256ms
2026-05-28 10:08:32 INFO  - | From: noreply@hitract.se | To: user-51@student.com | Subject: STANDARD | HTTP: 200 OK | Lag: 5458ms
2026-05-28 10:08:32 INFO  - | From: noreply@hitract.se | To: user-50@student.com | Subject: STANDARD | HTTP: 200 OK | Lag: 5462ms
2026-05-28 10:08:32 INFO  - | From: noreply@hitract.se | To: user-52@student.com | Subject: STANDARD | HTTP: 200 OK | Lag: 5662ms
2026-05-28 10:08:32 INFO  - | From: noreply@hitract.se | To: user-53@student.com | Subject: STANDARD | HTTP: 200 OK | Lag: 5659ms
2026-05-28 10:08:33 INFO  - | From: noreply@hitract.se | To: user-55@student.com | Subject: STANDARD | HTTP: 200 OK | Lag: 5856ms
2026-05-28 10:08:33 INFO  - | From: noreply@hitract.se | To: user-54@student.com | Subject: STANDARD | HTTP: 200 OK | Lag: 5859ms
2026-05-28 10:08:33 INFO  - | From: noreply@hitract.se | To: user-57@student.com | Subject: STANDARD | HTTP: 200 OK | Lag: 6071ms
2026-05-28 10:08:33 INFO  - | From: noreply@hitract.se | To: user-56@student.com | Subject: STANDARD | HTTP: 200 OK | Lag: 6074ms
2026-05-28 10:08:33 INFO  - | From: noreply@hitract.se | To: user-59@student.com | Subject: STANDARD | HTTP: 200 OK | Lag: 6267ms
2026-05-28 10:08:33 INFO  - | From: noreply@hitract.se | To: user-58@student.com | Subject: STANDARD | HTTP: 200 OK | Lag: 6270ms
2026-05-28 10:08:33 INFO  - | From: noreply@hitract.se | To: user-61@student.com | Subject: STANDARD | HTTP: 200 OK | Lag: 6458ms
2026-05-28 10:08:33 INFO  - | From: noreply@hitract.se | To: user-60@student.com | Subject: STANDARD | HTTP: 200 OK | Lag: 6472ms
2026-05-28 10:08:33 INFO  - | From: noreply@hitract.se | To: user-62@student.com | Subject: STANDARD | HTTP: 200 OK | Lag: 6659ms
2026-05-28 10:08:33 INFO  - | From: noreply@hitract.se | To: user-63@student.com | Subject: STANDARD | HTTP: 200 OK | Lag: 6652ms
2026-05-28 10:08:34 INFO  - | From: noreply@hitract.se | To: user-64@student.com | Subject: STANDARD | HTTP: 200 OK | Lag: 6865ms
2026-05-28 10:08:34 INFO  - | From: noreply@hitract.se | To: user-65@student.com | Subject: STANDARD | HTTP: 200 OK | Lag: 6857ms
2026-05-28 10:08:34 INFO  - | From: noreply@hitract.se | To: user-66@student.com | Subject: STANDARD | HTTP: 200 OK | Lag: 7061ms
2026-05-28 10:08:34 INFO  - | From: noreply@hitract.se | To: user-67@student.com | Subject: STANDARD | HTTP: 200 OK | Lag: 7058ms
2026-05-28 10:08:34 INFO  - | From: noreply@hitract.se | To: user-68@student.com | Subject: STANDARD | HTTP: 200 OK | Lag: 7258ms
2026-05-28 10:08:34 INFO  - | From: noreply@hitract.se | To: user-69@student.com | Subject: STANDARD | HTTP: 200 OK | Lag: 7256ms
2026-05-28 10:08:34 INFO  - | From: noreply@hitract.se | To: user-71@student.com | Subject: STANDARD | HTTP: 200 OK | Lag: 7465ms
2026-05-28 10:08:34 INFO  - | From: noreply@hitract.se | To: user-70@student.com | Subject: STANDARD | HTTP: 200 OK | Lag: 7472ms
2026-05-28 10:08:34 INFO  - | From: noreply@hitract.se | To: user-72@student.com | Subject: STANDARD | HTTP: 200 OK | Lag: 7677ms
2026-05-28 10:08:34 INFO  - | From: noreply@hitract.se | To: user-73@student.com | Subject: STANDARD | HTTP: 200 OK | Lag: 7674ms
2026-05-28 10:08:35 INFO  - | From: noreply@hitract.se | To: user-75@student.com | Subject: STANDARD | HTTP: 200 OK | Lag: 7866ms
2026-05-28 10:08:35 INFO  - | From: noreply@hitract.se | To: user-74@student.com | Subject: STANDARD | HTTP: 200 OK | Lag: 7885ms
2026-05-28 10:08:35 INFO  - | From: noreply@hitract.se | To: user-77@student.com | Subject: STANDARD | HTTP: 200 OK | Lag: 8060ms
2026-05-28 10:08:35 INFO  - | From: noreply@hitract.se | To: user-76@student.com | Subject: STANDARD | HTTP: 200 OK | Lag: 8065ms
2026-05-28 10:08:35 INFO  - | From: noreply@hitract.se | To: user-78@student.com | Subject: STANDARD | HTTP: 200 OK | Lag: 8271ms
2026-05-28 10:08:35 INFO  - | From: noreply@hitract.se | To: user-79@student.com | Subject: STANDARD | HTTP: 200 OK | Lag: 8268ms
2026-05-28 10:08:35 INFO  - | From: noreply@hitract.se | To: user-81@student.com | Subject: STANDARD | HTTP: 200 OK | Lag: 8453ms
2026-05-28 10:08:35 INFO  - | From: noreply@hitract.se | To: user-80@student.com | Subject: STANDARD | HTTP: 200 OK | Lag: 8462ms
2026-05-28 10:08:35 INFO  - | From: noreply@hitract.se | To: user-82@student.com | Subject: STANDARD | HTTP: 200 OK | Lag: 8655ms
2026-05-28 10:08:35 INFO  - | From: noreply@hitract.se | To: user-83@student.com | Subject: STANDARD | HTTP: 200 OK | Lag: 8647ms
2026-05-28 10:08:36 INFO  - | From: noreply@hitract.se | To: user-85@student.com | Subject: STANDARD | HTTP: 200 OK | Lag: 8835ms
2026-05-28 10:08:36 INFO  - | From: noreply@hitract.se | To: user-84@student.com | Subject: STANDARD | HTTP: 200 OK | Lag: 8842ms
2026-05-28 10:08:36 INFO  - | From: noreply@hitract.se | To: user-86@student.com | Subject: STANDARD | HTTP: 200 OK | Lag: 9046ms
2026-05-28 10:08:36 INFO  - | From: noreply@hitract.se | To: user-87@student.com | Subject: STANDARD | HTTP: 200 OK | Lag: 9043ms
2026-05-28 10:08:36 INFO  - | From: noreply@hitract.se | To: user-88@student.com | Subject: STANDARD | HTTP: 200 OK | Lag: 9255ms
2026-05-28 10:08:36 INFO  - | From: noreply@hitract.se | To: user-89@student.com | Subject: STANDARD | HTTP: 200 OK | Lag: 9253ms
2026-05-28 10:08:36 INFO  - | From: noreply@hitract.se | To: user-90@student.com | Subject: STANDARD | HTTP: 200 OK | Lag: 9457ms
2026-05-28 10:08:36 INFO  - | From: noreply@hitract.se | To: user-91@student.com | Subject: STANDARD | HTTP: 200 OK | Lag: 9454ms
2026-05-28 10:08:37 INFO  - | From: noreply@hitract.se | To: user-92@student.com | Subject: STANDARD | HTTP: 200 OK | Lag: 9667ms
2026-05-28 10:08:37 INFO  - | From: noreply@hitract.se | To: user-93@student.com | Subject: STANDARD | HTTP: 200 OK | Lag: 9665ms
2026-05-28 10:08:37 INFO  - | From: noreply@hitract.se | To: user-94@student.com | Subject: STANDARD | HTTP: 200 OK | Lag: 9881ms
2026-05-28 10:08:37 INFO  - | From: noreply@hitract.se | To: user-95@student.com | Subject: STANDARD | HTTP: 200 OK | Lag: 9879ms
2026-05-28 10:08:37 INFO  - | From: noreply@hitract.se | To: user-97@student.com | Subject: STANDARD | HTTP: 200 OK | Lag: 10077ms
2026-05-28 10:08:37 INFO  - | From: noreply@hitract.se | To: user-96@student.com | Subject: STANDARD | HTTP: 200 OK | Lag: 10079ms
2026-05-28 10:08:37 INFO  - | From: noreply@hitract.se | To: user-98@student.com | Subject: STANDARD | HTTP: 200 OK | Lag: 10277ms
2026-05-28 10:08:37 INFO  - | From: noreply@hitract.se | To: user-99@student.com | Subject: STANDARD | HTTP: 200 OK | Lag: 10275ms
2026-05-28 10:08:37 INFO  - | From: noreply@hitract.se | To: user-100@student.com | Subject: STANDARD | HTTP: 200 OK | Lag: 10478ms
2026-05-28 10:08:37 INFO  - | From: noreply@hitract.se | To: user-101@student.com | Subject: STANDARD | HTTP: 200 OK | Lag: 10475ms
2026-05-28 10:08:38 INFO  - | From: noreply@hitract.se | To: user-103@student.com | Subject: STANDARD | HTTP: 200 OK | Lag: 10673ms
2026-05-28 10:08:38 INFO  - | From: noreply@hitract.se | To: user-102@student.com | Subject: STANDARD | HTTP: 200 OK | Lag: 10675ms
2026-05-28 10:08:38 INFO  - | From: noreply@hitract.se | To: user-105@student.com | Subject: STANDARD | HTTP: 200 OK | Lag: 10871ms
2026-05-28 10:08:38 INFO  - | From: noreply@hitract.se | To: user-104@student.com | Subject: STANDARD | HTTP: 200 OK | Lag: 10873ms
2026-05-28 10:08:38 INFO  - | From: noreply@hitract.se | To: user-106@student.com | Subject: STANDARD | HTTP: 200 OK | Lag: 11082ms
2026-05-28 10:08:38 INFO  - | From: noreply@hitract.se | To: user-107@student.com | Subject: STANDARD | HTTP: 200 OK | Lag: 11080ms
2026-05-28 10:08:38 INFO  - | From: noreply@hitract.se | To: user-108@student.com | Subject: STANDARD | HTTP: 200 OK | Lag: 11286ms
2026-05-28 10:08:38 INFO  - | From: noreply@hitract.se | To: user-109@student.com | Subject: STANDARD | HTTP: 200 OK | Lag: 11284ms
2026-05-28 10:08:38 INFO  - | From: noreply@hitract.se | To: user-110@student.com | Subject: STANDARD | HTTP: 200 OK | Lag: 11488ms
2026-05-28 10:08:38 INFO  - | From: noreply@hitract.se | To: user-111@student.com | Subject: STANDARD | HTTP: 200 OK | Lag: 11486ms
2026-05-28 10:08:39 INFO  - | From: noreply@hitract.se | To: user-112@student.com | Subject: STANDARD | HTTP: 200 OK | Lag: 11702ms
2026-05-28 10:08:39 INFO  - | From: noreply@hitract.se | To: user-113@student.com | Subject: STANDARD | HTTP: 200 OK | Lag: 11700ms
2026-05-28 10:08:39 INFO  - | From: noreply@hitract.se | To: user-114@student.com | Subject: STANDARD | HTTP: 200 OK | Lag: 11900ms
2026-05-28 10:08:39 INFO  - | From: noreply@hitract.se | To: user-115@student.com | Subject: STANDARD | HTTP: 200 OK | Lag: 11898ms
2026-05-28 10:08:39 INFO  - | From: noreply@hitract.se | To: user-117@student.com | Subject: STANDARD | HTTP: 200 OK | Lag: 12101ms
2026-05-28 10:08:39 INFO  - | From: noreply@hitract.se | To: user-116@student.com | Subject: STANDARD | HTTP: 200 OK | Lag: 12102ms
2026-05-28 10:08:39 INFO  - | From: noreply@hitract.se | To: user-119@student.com | Subject: STANDARD | HTTP: 200 OK | Lag: 12301ms
2026-05-28 10:08:39 INFO  - | From: noreply@hitract.se | To: user-118@student.com | Subject: STANDARD | HTTP: 200 OK | Lag: 12313ms
2026-05-28 10:08:39 INFO  - | From: noreply@hitract.se | To: user-120@student.com | Subject: STANDARD | HTTP: 200 OK | Lag: 12526ms
2026-05-28 10:08:39 INFO  - | From: noreply@hitract.se | To: user-121@student.com | Subject: STANDARD | HTTP: 200 OK | Lag: 12524ms
2026-05-28 10:08:40 INFO  - | From: noreply@hitract.se | To: user-122@student.com | Subject: STANDARD | HTTP: 200 OK | Lag: 12740ms
2026-05-28 10:08:40 INFO  - | From: noreply@hitract.se | To: user-123@student.com | Subject: STANDARD | HTTP: 200 OK | Lag: 12738ms
2026-05-28 10:08:40 INFO  - | From: noreply@hitract.se | To: user-124@student.com | Subject: STANDARD | HTTP: 200 OK | Lag: 12938ms
2026-05-28 10:08:40 INFO  - | From: noreply@hitract.se | To: user-125@student.com | Subject: STANDARD | HTTP: 200 OK | Lag: 12936ms
2026-05-28 10:08:40 INFO  - | From: noreply@hitract.se | To: user-127@student.com | Subject: STANDARD | HTTP: 200 OK | Lag: 13141ms
2026-05-28 10:08:40 INFO  - | From: noreply@hitract.se | To: user-126@student.com | Subject: STANDARD | HTTP: 200 OK | Lag: 13143ms
2026-05-28 10:08:40 INFO  - | From: noreply@hitract.se | To: user-128@student.com | Subject: STANDARD | HTTP: 200 OK | Lag: 13353ms
2026-05-28 10:08:40 INFO  - | From: noreply@hitract.se | To: user-129@student.com | Subject: STANDARD | HTTP: 200 OK | Lag: 13352ms
2026-05-28 10:08:41 INFO  - | From: noreply@hitract.se | To: user-131@student.com | Subject: STANDARD | HTTP: 200 OK | Lag: 13555ms
2026-05-28 10:08:41 INFO  - | From: noreply@hitract.se | To: user-130@student.com | Subject: STANDARD | HTTP: 200 OK | Lag: 13557ms
2026-05-28 10:08:41 INFO  - | From: noreply@hitract.se | To: user-132@student.com | Subject: STANDARD | HTTP: 200 OK | Lag: 13767ms
2026-05-28 10:08:41 INFO  - | From: noreply@hitract.se | To: user-133@student.com | Subject: STANDARD | HTTP: 200 OK | Lag: 13766ms
2026-05-28 10:08:41 INFO  - | From: noreply@hitract.se | To: user-135@student.com | Subject: STANDARD | HTTP: 200 OK | Lag: 13974ms
2026-05-28 10:08:41 INFO  - | From: noreply@hitract.se | To: user-134@student.com | Subject: STANDARD | HTTP: 200 OK | Lag: 13976ms
2026-05-28 10:08:41 INFO  - | From: noreply@hitract.se | To: user-136@student.com | Subject: STANDARD | HTTP: 200 OK | Lag: 14191ms
2026-05-28 10:08:41 INFO  - | From: noreply@hitract.se | To: user-137@student.com | Subject: STANDARD | HTTP: 200 OK | Lag: 14189ms
2026-05-28 10:08:41 INFO  - | From: noreply@hitract.se | To: user-139@student.com | Subject: STANDARD | HTTP: 200 OK | Lag: 14399ms
2026-05-28 10:08:41 INFO  - | From: noreply@hitract.se | To: user-138@student.com | Subject: STANDARD | HTTP: 200 OK | Lag: 14401ms
2026-05-28 10:08:42 INFO  - | From: noreply@hitract.se | To: user-140@student.com | Subject: STANDARD | HTTP: 200 OK | Lag: 14603ms
2026-05-28 10:08:42 INFO  - | From: noreply@hitract.se | To: user-141@student.com | Subject: STANDARD | HTTP: 200 OK | Lag: 14602ms
2026-05-28 10:08:42 INFO  - | From: noreply@hitract.se | To: user-142@student.com | Subject: STANDARD | HTTP: 200 OK | Lag: 14814ms
2026-05-28 10:08:42 INFO  - | From: noreply@hitract.se | To: user-143@student.com | Subject: STANDARD | HTTP: 200 OK | Lag: 14812ms
2026-05-28 10:08:42 INFO  - | From: noreply@hitract.se | To: user-145@student.com | Subject: STANDARD | HTTP: 200 OK | Lag: 15034ms
2026-05-28 10:08:42 INFO  - | From: noreply@hitract.se | To: user-144@student.com | Subject: STANDARD | HTTP: 200 OK | Lag: 15036ms
2026-05-28 10:08:42 INFO  - | From: noreply@hitract.se | To: user-146@student.com | Subject: STANDARD | HTTP: 200 OK | Lag: 15247ms
2026-05-28 10:08:42 INFO  - | From: noreply@hitract.se | To: user-147@student.com | Subject: STANDARD | HTTP: 200 OK | Lag: 15246ms
2026-05-28 10:08:42 INFO  - | From: noreply@hitract.se | To: user-148@student.com | Subject: STANDARD | HTTP: 200 OK | Lag: 15469ms
2026-05-28 10:08:42 INFO  - | From: noreply@hitract.se | To: user-149@student.com | Subject: STANDARD | HTTP: 200 OK | Lag: 15468ms
2026-05-28 10:08:43 INFO  - | From: noreply@hitract.se | To: user-151@student.com | Subject: STANDARD | HTTP: 200 OK | Lag: 15670ms
2026-05-28 10:08:43 INFO  - | From: noreply@hitract.se | To: user-150@student.com | Subject: STANDARD | HTTP: 200 OK | Lag: 15672ms
2026-05-28 10:08:43 INFO  - | From: noreply@hitract.se | To: user-153@student.com | Subject: STANDARD | HTTP: 200 OK | Lag: 15868ms
2026-05-28 10:08:43 INFO  - | From: noreply@hitract.se | To: user-152@student.com | Subject: STANDARD | HTTP: 200 OK | Lag: 15870ms
2026-05-28 10:08:43 INFO  - | From: noreply@hitract.se | To: user-154@student.com | Subject: STANDARD | HTTP: 200 OK | Lag: 16082ms
2026-05-28 10:08:43 INFO  - | From: noreply@hitract.se | To: user-155@student.com | Subject: STANDARD | HTTP: 200 OK | Lag: 16080ms
2026-05-28 10:08:43 INFO  - | From: noreply@hitract.se | To: user-156@student.com | Subject: STANDARD | HTTP: 200 OK | Lag: 16295ms
2026-05-28 10:08:43 INFO  - | From: noreply@hitract.se | To: user-157@student.com | Subject: STANDARD | HTTP: 200 OK | Lag: 16293ms
2026-05-28 10:08:44 INFO  - | From: noreply@hitract.se | To: user-159@student.com | Subject: STANDARD | HTTP: 200 OK | Lag: 16504ms
2026-05-28 10:08:44 INFO  - | From: noreply@hitract.se | To: user-158@student.com | Subject: STANDARD | HTTP: 200 OK | Lag: 16506ms
2026-05-28 10:08:44 INFO  - | From: noreply@hitract.se | To: user-161@student.com | Subject: STANDARD | HTTP: 200 OK | Lag: 16711ms
2026-05-28 10:08:44 INFO  - | From: noreply@hitract.se | To: user-160@student.com | Subject: STANDARD | HTTP: 200 OK | Lag: 16717ms
2026-05-28 10:08:44 INFO  - | From: noreply@hitract.se | To: user-162@student.com | Subject: STANDARD | HTTP: 200 OK | Lag: 16934ms
2026-05-28 10:08:44 INFO  - | From: noreply@hitract.se | To: user-163@student.com | Subject: STANDARD | HTTP: 200 OK | Lag: 16919ms
2026-05-28 10:08:44 INFO  - | From: noreply@hitract.se | To: user-165@student.com | Subject: STANDARD | HTTP: 200 OK | Lag: 17094ms
2026-05-28 10:08:44 INFO  - | From: noreply@hitract.se | To: user-164@student.com | Subject: STANDARD | HTTP: 200 OK | Lag: 17102ms
2026-05-28 10:08:44 INFO  - | From: noreply@hitract.se | To: user-167@student.com | Subject: STANDARD | HTTP: 200 OK | Lag: 17291ms
2026-05-28 10:08:44 INFO  - | From: noreply@hitract.se | To: user-166@student.com | Subject: STANDARD | HTTP: 200 OK | Lag: 17303ms
2026-05-28 10:08:45 INFO  - | From: noreply@hitract.se | To: user-168@student.com | Subject: STANDARD | HTTP: 200 OK | Lag: 17512ms
2026-05-28 10:08:45 INFO  - | From: noreply@hitract.se | To: user-169@student.com | Subject: STANDARD | HTTP: 200 OK | Lag: 17505ms
2026-05-28 10:08:45 INFO  - | From: noreply@hitract.se | To: user-171@student.com | Subject: STANDARD | HTTP: 200 OK | Lag: 17691ms
2026-05-28 10:08:45 INFO  - | From: noreply@hitract.se | To: user-170@student.com | Subject: STANDARD | HTTP: 200 OK | Lag: 17698ms
2026-05-28 10:08:45 INFO  - | From: noreply@hitract.se | To: user-173@student.com | Subject: STANDARD | HTTP: 200 OK | Lag: 17887ms
2026-05-28 10:08:45 INFO  - | From: noreply@hitract.se | To: user-172@student.com | Subject: STANDARD | HTTP: 200 OK | Lag: 17890ms
2026-05-28 10:08:45 INFO  - | From: noreply@hitract.se | To: user-175@student.com | Subject: STANDARD | HTTP: 200 OK | Lag: 18095ms
2026-05-28 10:08:45 INFO  - | From: noreply@hitract.se | To: user-174@student.com | Subject: STANDARD | HTTP: 200 OK | Lag: 18098ms
2026-05-28 10:08:45 INFO  - | From: noreply@hitract.se | To: user-177@student.com | Subject: STANDARD | HTTP: 200 OK | Lag: 18299ms
2026-05-28 10:08:45 INFO  - | From: noreply@hitract.se | To: user-176@student.com | Subject: STANDARD | HTTP: 200 OK | Lag: 18301ms
2026-05-28 10:08:46 INFO  - | From: noreply@hitract.se | To: user-178@student.com | Subject: STANDARD | HTTP: 200 OK | Lag: 18514ms
2026-05-28 10:08:46 INFO  - | From: noreply@hitract.se | To: user-179@student.com | Subject: STANDARD | HTTP: 200 OK | Lag: 18511ms
2026-05-28 10:08:46 INFO  - | From: noreply@hitract.se | To: user-181@student.com | Subject: STANDARD | HTTP: 200 OK | Lag: 18723ms
2026-05-28 10:08:46 INFO  - | From: noreply@hitract.se | To: user-180@student.com | Subject: STANDARD | HTTP: 200 OK | Lag: 18725ms
2026-05-28 10:08:46 INFO  - | From: noreply@hitract.se | To: user-183@student.com | Subject: STANDARD | HTTP: 200 OK | Lag: 18934ms
2026-05-28 10:08:46 INFO  - | From: noreply@hitract.se | To: user-182@student.com | Subject: STANDARD | HTTP: 200 OK | Lag: 18936ms
2026-05-28 10:08:46 INFO  - | From: noreply@hitract.se | To: user-184@student.com | Subject: STANDARD | HTTP: 200 OK | Lag: 19150ms
2026-05-28 10:08:46 INFO  - | From: noreply@hitract.se | To: user-185@student.com | Subject: STANDARD | HTTP: 200 OK | Lag: 19148ms
2026-05-28 10:08:47 INFO  - | From: noreply@hitract.se | To: user-187@student.com | Subject: STANDARD | HTTP: 200 OK | Lag: 19361ms
2026-05-28 10:08:47 INFO  - | From: noreply@hitract.se | To: user-186@student.com | Subject: STANDARD | HTTP: 200 OK | Lag: 19371ms
2026-05-28 10:08:47 INFO  - | From: noreply@hitract.se | To: user-189@student.com | Subject: STANDARD | HTTP: 200 OK | Lag: 19564ms
2026-05-28 10:08:47 INFO  - | From: noreply@hitract.se | To: user-188@student.com | Subject: STANDARD | HTTP: 200 OK | Lag: 19566ms
2026-05-28 10:08:47 INFO  - | From: noreply@hitract.se | To: user-190@student.com | Subject: STANDARD | HTTP: 200 OK | Lag: 19769ms
2026-05-28 10:08:47 INFO  - | From: noreply@hitract.se | To: user-191@student.com | Subject: STANDARD | HTTP: 200 OK | Lag: 19767ms
2026-05-28 10:08:47 INFO  - | From: noreply@hitract.se | To: user-193@student.com | Subject: STANDARD | HTTP: 200 OK | Lag: 19979ms
2026-05-28 10:08:47 INFO  - | From: noreply@hitract.se | To: user-192@student.com | Subject: STANDARD | HTTP: 200 OK | Lag: 19980ms
2026-05-28 10:08:47 INFO  - | From: noreply@hitract.se | To: user-194@student.com | Subject: STANDARD | HTTP: 200 OK | Lag: 20182ms
2026-05-28 10:08:47 INFO  - | From: noreply@hitract.se | To: user-195@student.com | Subject: STANDARD | HTTP: 200 OK | Lag: 20180ms
2026-05-28 10:08:48 INFO  - | From: noreply@hitract.se | To: user-196@student.com | Subject: STANDARD | HTTP: 200 OK | Lag: 20395ms
2026-05-28 10:08:48 INFO  - | From: noreply@hitract.se | To: user-197@student.com | Subject: STANDARD | HTTP: 200 OK | Lag: 20393ms
2026-05-28 10:08:48 INFO  - | From: noreply@hitract.se | To: user-199@student.com | Subject: STANDARD | HTTP: 200 OK | Lag: 20606ms
2026-05-28 10:08:48 INFO  - | From: noreply@hitract.se | To: user-198@student.com | Subject: STANDARD | HTTP: 200 OK | Lag: 20607ms
2026-05-28 10:08:48 INFO  - | From: noreply@hitract.se | To: user-200@student.com | Subject: STANDARD | HTTP: 200 OK | Lag: 20819ms
2026-05-28 10:08:48 INFO  - | From: noreply@hitract.se | To: user-201@student.com | Subject: STANDARD | HTTP: 200 OK | Lag: 20818ms
2026-05-28 10:08:48 INFO  - | From: noreply@hitract.se | To: user-203@student.com | Subject: STANDARD | HTTP: 200 OK | Lag: 21032ms
2026-05-28 10:08:48 INFO  - | From: noreply@hitract.se | To: user-202@student.com | Subject: STANDARD | HTTP: 200 OK | Lag: 21034ms
2026-05-28 10:08:48 INFO  - | From: noreply@hitract.se | To: user-204@student.com | Subject: STANDARD | HTTP: 200 OK | Lag: 21247ms
2026-05-28 10:08:48 INFO  - | From: noreply@hitract.se | To: user-205@student.com | Subject: STANDARD | HTTP: 200 OK | Lag: 21244ms
2026-05-28 10:08:49 INFO  - | From: noreply@hitract.se | To: user-206@student.com | Subject: STANDARD | HTTP: 200 OK | Lag: 21461ms
2026-05-28 10:08:49 INFO  - | From: noreply@hitract.se | To: user-207@student.com | Subject: STANDARD | HTTP: 200 OK | Lag: 21461ms
2026-05-28 10:08:49 INFO  - | From: noreply@hitract.se | To: user-208@student.com | Subject: STANDARD | HTTP: 200 OK | Lag: 21663ms
2026-05-28 10:08:49 INFO  - | From: noreply@hitract.se | To: user-209@student.com | Subject: STANDARD | HTTP: 200 OK | Lag: 21662ms
2026-05-28 10:08:49 INFO  - | From: noreply@hitract.se | To: user-211@student.com | Subject: STANDARD | HTTP: 200 OK | Lag: 21868ms
2026-05-28 10:08:49 INFO  - | From: noreply@hitract.se | To: user-210@student.com | Subject: STANDARD | HTTP: 200 OK | Lag: 21870ms
2026-05-28 10:08:49 INFO  - | From: noreply@hitract.se | To: user-212@student.com | Subject: STANDARD | HTTP: 200 OK | Lag: 22078ms
2026-05-28 10:08:49 INFO  - | From: noreply@hitract.se | To: user-213@student.com | Subject: STANDARD | HTTP: 200 OK | Lag: 22076ms
2026-05-28 10:08:49 INFO  - | From: noreply@hitract.se | To: user-215@student.com | Subject: STANDARD | HTTP: 200 OK | Lag: 22281ms
2026-05-28 10:08:49 INFO  - | From: noreply@hitract.se | To: user-214@student.com | Subject: STANDARD | HTTP: 200 OK | Lag: 22283ms
2026-05-28 10:08:50 INFO  - | From: noreply@hitract.se | To: user-216@student.com | Subject: STANDARD | HTTP: 200 OK | Lag: 22483ms
2026-05-28 10:08:50 INFO  - | From: noreply@hitract.se | To: user-217@student.com | Subject: STANDARD | HTTP: 200 OK | Lag: 22481ms
2026-05-28 10:08:50 INFO  - | From: noreply@hitract.se | To: user-219@student.com | Subject: STANDARD | HTTP: 200 OK | Lag: 22706ms
2026-05-28 10:08:50 INFO  - | From: noreply@hitract.se | To: user-218@student.com | Subject: STANDARD | HTTP: 200 OK | Lag: 22708ms
2026-05-28 10:08:50 INFO  - | From: noreply@hitract.se | To: user-221@student.com | Subject: STANDARD | HTTP: 200 OK | Lag: 22908ms
2026-05-28 10:08:50 INFO  - | From: noreply@hitract.se | To: user-220@student.com | Subject: STANDARD | HTTP: 200 OK | Lag: 22911ms
2026-05-28 10:08:50 INFO  - | From: noreply@hitract.se | To: user-222@student.com | Subject: STANDARD | HTTP: 200 OK | Lag: 23121ms
2026-05-28 10:08:50 INFO  - | From: noreply@hitract.se | To: user-223@student.com | Subject: STANDARD | HTTP: 200 OK | Lag: 23117ms
2026-05-28 10:08:51 INFO  - | From: noreply@hitract.se | To: user-225@student.com | Subject: STANDARD | HTTP: 200 OK | Lag: 23319ms
2026-05-28 10:08:51 INFO  - | From: noreply@hitract.se | To: user-224@student.com | Subject: STANDARD | HTTP: 200 OK | Lag: 23325ms
2026-05-28 10:08:51 INFO  - | From: noreply@hitract.se | To: user-226@student.com | Subject: STANDARD | HTTP: 200 OK | Lag: 23531ms
2026-05-28 10:08:51 INFO  - | From: noreply@hitract.se | To: user-227@student.com | Subject: STANDARD | HTTP: 200 OK | Lag: 23525ms
2026-05-28 10:08:51 INFO  - | From: noreply@hitract.se | To: user-229@student.com | Subject: STANDARD | HTTP: 200 OK | Lag: 23729ms
2026-05-28 10:08:51 INFO  - | From: noreply@hitract.se | To: user-228@student.com | Subject: STANDARD | HTTP: 200 OK | Lag: 23732ms
2026-05-28 10:08:51 INFO  - | From: noreply@hitract.se | To: user-230@student.com | Subject: STANDARD | HTTP: 200 OK | Lag: 23934ms
2026-05-28 10:08:51 INFO  - | From: noreply@hitract.se | To: user-231@student.com | Subject: STANDARD | HTTP: 200 OK | Lag: 23926ms
2026-05-28 10:08:51 INFO  - | From: noreply@hitract.se | To: user-233@student.com | Subject: STANDARD | HTTP: 200 OK | Lag: 24135ms
2026-05-28 10:08:51 INFO  - | From: noreply@hitract.se | To: user-232@student.com | Subject: STANDARD | HTTP: 200 OK | Lag: 24137ms
2026-05-28 10:08:52 INFO  - | From: noreply@hitract.se | To: user-235@student.com | Subject: STANDARD | HTTP: 200 OK | Lag: 24337ms
2026-05-28 10:08:52 INFO  - | From: noreply@hitract.se | To: user-234@student.com | Subject: STANDARD | HTTP: 200 OK | Lag: 24340ms
2026-05-28 10:08:52 INFO  - | From: noreply@hitract.se | To: user-237@student.com | Subject: STANDARD | HTTP: 200 OK | Lag: 24532ms
2026-05-28 10:08:52 INFO  - | From: noreply@hitract.se | To: user-236@student.com | Subject: STANDARD | HTTP: 200 OK | Lag: 24534ms
2026-05-28 10:08:52 INFO  - | From: noreply@hitract.se | To: user-239@student.com | Subject: STANDARD | HTTP: 200 OK | Lag: 24742ms
2026-05-28 10:08:52 INFO  - | From: noreply@hitract.se | To: user-238@student.com | Subject: STANDARD | HTTP: 200 OK | Lag: 24744ms
2026-05-28 10:08:52 INFO  - | From: noreply@hitract.se | To: user-240@student.com | Subject: STANDARD | HTTP: 200 OK | Lag: 24958ms
2026-05-28 10:08:52 INFO  - | From: noreply@hitract.se | To: user-241@student.com | Subject: STANDARD | HTTP: 200 OK | Lag: 24956ms
2026-05-28 10:08:52 INFO  - | From: noreply@hitract.se | To: user-242@student.com | Subject: STANDARD | HTTP: 200 OK | Lag: 25160ms
2026-05-28 10:08:52 INFO  - | From: noreply@hitract.se | To: user-243@student.com | Subject: STANDARD | HTTP: 200 OK | Lag: 25158ms
2026-05-28 10:08:53 INFO  - | From: noreply@hitract.se | To: user-244@student.com | Subject: STANDARD | HTTP: 200 OK | Lag: 25370ms
2026-05-28 10:08:53 INFO  - | From: noreply@hitract.se | To: user-245@student.com | Subject: STANDARD | HTTP: 200 OK | Lag: 25367ms
2026-05-28 10:08:53 INFO  - | From: noreply@hitract.se | To: user-246@student.com | Subject: STANDARD | HTTP: 200 OK | Lag: 25570ms
2026-05-28 10:08:53 INFO  - | From: noreply@hitract.se | To: user-247@student.com | Subject: STANDARD | HTTP: 200 OK | Lag: 25569ms
2026-05-28 10:08:53 INFO  - | From: noreply@hitract.se | To: user-248@student.com | Subject: STANDARD | HTTP: 200 OK | Lag: 25772ms
2026-05-28 10:08:53 INFO  - | From: noreply@hitract.se | To: user-249@student.com | Subject: STANDARD | HTTP: 200 OK | Lag: 25770ms
2026-05-28 10:09:14 ERROR - Some workers are not stopped within time
2026-05-28 10:09:34 ERROR - Some workers are not stopped within time
