2026-05-28 10:08:21 INFO  org.consumer.Main - WireMock configured successfully.
2026-05-28 10:08:21 INFO  org.consumer.KafkaEmailConsumer - Started Consumer 0 | Topic: low-priority-mails | Batch: 200 | Wait: 10000ms
2026-05-28 10:08:21 INFO  org.consumer.KafkaEmailConsumer - Started Consumer 2 | Topic: high-priority-mails | Batch: 50 | Wait: 5ms
2026-05-28 10:08:21 INFO  org.consumer.KafkaEmailConsumer - Started Consumer 0 | Topic: high-priority-mails | Batch: 50 | Wait: 5ms
2026-05-28 10:08:21 INFO  org.consumer.KafkaEmailConsumer - Started Consumer 3 | Topic: high-priority-mails | Batch: 50 | Wait: 5ms
2026-05-28 10:08:21 INFO  org.consumer.KafkaEmailConsumer - Started Consumer 1 | Topic: high-priority-mails | Batch: 50 | Wait: 5ms
2026-05-28 10:08:25 INFO  org.consumer.EmailSender - Topic: low-priority-mails | Consumer: 0 | Sent to: user-4@standard.com | Created: 1779955701824 | Sent: 1779955705767
2026-05-28 10:08:25 INFO  org.consumer.EmailSender - Topic: low-priority-mails | Consumer: 0 | Sent to: user-3@standard.com | Created: 1779955701823 | Sent: 1779955705767
2026-05-28 10:08:25 INFO  org.consumer.EmailSender - Topic: low-priority-mails | Consumer: 0 | Sent to: user-1@standard.com | Created: 1779955701823 | Sent: 1779955705767
2026-05-28 10:08:25 INFO  org.consumer.EmailSender - Topic: low-priority-mails | Consumer: 0 | Sent to: user-0@standard.com | Created: 1779955700868 | Sent: 1779955705768
2026-05-28 10:08:25 INFO  org.consumer.EmailSender - Topic: low-priority-mails | Consumer: 0 | Sent to: user-2@standard.com | Created: 1779955701823 | Sent: 1779955705768
2026-05-28 10:08:25 INFO  org.consumer.EmailSender - Topic: low-priority-mails | Consumer: 0 | Sent to: user-11@standard.com | Created: 1779955701824 | Sent: 1779955705808
2026-05-28 10:08:25 INFO  org.consumer.EmailSender - Topic: low-priority-mails | Consumer: 0 | Sent to: user-191@standard.com | Created: 1779955701851 | Sent: 1779955705808
2026-05-28 10:08:25 INFO  org.consumer.EmailSender - Topic: low-priority-mails | Consumer: 0 | Sent to: user-19@standard.com | Created: 1779955701828 | Sent: 1779955705808
2026-05-28 10:08:25 INFO  org.consumer.EmailSender - Topic: low-priority-mails | Consumer: 0 | Sent to: user-192@standard.com | Created: 1779955701851 | Sent: 1779955705808
2026-05-28 10:08:25 INFO  org.consumer.EmailSender - Topic: low-priority-mails | Consumer: 0 | Sent to: user-31@standard.com | Created: 1779955701830 | Sent: 1779955705822
2026-05-28 10:08:25 INFO  org.consumer.EmailSender - Topic: low-priority-mails | Consumer: 0 | Sent to: user-195@standard.com | Created: 1779955701851 | Sent: 1779955705822
2026-05-28 10:08:25 INFO  org.consumer.EmailSender - Topic: low-priority-mails | Consumer: 0 | Sent to: user-7@standard.com | Created: 1779955701824 | Sent: 1779955705822
2026-05-28 10:08:25 INFO  org.consumer.EmailSender - Topic: low-priority-mails | Consumer: 0 | Sent to: user-28@standard.com | Created: 1779955701829 | Sent: 1779955705822
2026-05-28 10:08:25 INFO  org.consumer.EmailSender - Topic: low-priority-mails | Consumer: 0 | Sent to: user-193@standard.com | Created: 1779955701851 | Sent: 1779955705822
2026-05-28 10:08:25 INFO  org.consumer.EmailSender - Topic: low-priority-mails | Consumer: 0 | Sent to: user-15@standard.com | Created: 1779955701824 | Sent: 1779955705822
2026-05-28 10:08:25 INFO  org.consumer.EmailSender - Topic: low-priority-mails | Consumer: 0 | Sent to: user-22@standard.com | Created: 1779955701829 | Sent: 1779955705822
2026-05-28 10:08:25 INFO  org.consumer.EmailSender - Topic: low-priority-mails | Consumer: 0 | Sent to: user-8@standard.com | Created: 1779955701824 | Sent: 1779955705822
2026-05-28 10:08:25 INFO  org.consumer.EmailSender - Topic: low-priority-mails | Consumer: 0 | Sent to: user-45@standard.com | Created: 1779955701832 | Sent: 1779955705832
2026-05-28 10:08:25 INFO  org.consumer.EmailSender - Topic: low-priority-mails | Consumer: 0 | Sent to: user-36@standard.com | Created: 1779955701831 | Sent: 1779955705831
2026-05-28 10:08:25 INFO  org.consumer.EmailSender - Topic: low-priority-mails | Consumer: 0 | Sent to: user-35@standard.com | Created: 1779955701831 | Sent: 1779955705832
2026-05-28 10:08:25 INFO  org.consumer.EmailSender - Topic: low-priority-mails | Consumer: 0 | Sent to: user-40@standard.com | Created: 1779955701831 | Sent: 1779955705832
2026-05-28 10:08:25 INFO  org.consumer.EmailSender - Topic: low-priority-mails | Consumer: 0 | Sent to: user-13@standard.com | Created: 1779955701824 | Sent: 1779955705832
2026-05-28 10:08:25 INFO  org.consumer.EmailSender - Topic: low-priority-mails | Consumer: 0 | Sent to: user-42@standard.com | Created: 1779955701831 | Sent: 1779955705832
2026-05-28 10:08:25 INFO  org.consumer.EmailSender - Topic: low-priority-mails | Consumer: 0 | Sent to: user-25@standard.com | Created: 1779955701829 | Sent: 1779955705832
2026-05-28 10:08:25 INFO  org.consumer.EmailSender - Topic: low-priority-mails | Consumer: 0 | Sent to: user-194@standard.com | Created: 1779955701851 | Sent: 1779955705835
2026-05-28 10:08:25 INFO  org.consumer.EmailSender - Topic: low-priority-mails | Consumer: 0 | Sent to: user-55@standard.com | Created: 1779955701833 | Sent: 1779955705835
2026-05-28 10:08:25 INFO  org.consumer.EmailSender - Topic: low-priority-mails | Consumer: 0 | Sent to: user-53@standard.com | Created: 1779955701833 | Sent: 1779955705835
2026-05-28 10:08:25 INFO  org.consumer.EmailSender - Topic: low-priority-mails | Consumer: 0 | Sent to: user-48@standard.com | Created: 1779955701832 | Sent: 1779955705835
2026-05-28 10:08:25 INFO  org.consumer.EmailSender - Topic: low-priority-mails | Consumer: 0 | Sent to: user-16@standard.com | Created: 1779955701827 | Sent: 1779955705840
2026-05-28 10:08:25 INFO  org.consumer.EmailSender - Topic: low-priority-mails | Consumer: 0 | Sent to: user-54@standard.com | Created: 1779955701833 | Sent: 1779955705840
2026-05-28 10:08:25 INFO  org.consumer.EmailSender - Topic: low-priority-mails | Consumer: 0 | Sent to: user-56@standard.com | Created: 1779955701833 | Sent: 1779955705840
2026-05-28 10:08:25 INFO  org.consumer.EmailSender - Topic: low-priority-mails | Consumer: 0 | Sent to: user-57@standard.com | Created: 1779955701833 | Sent: 1779955705842
2026-05-28 10:08:25 INFO  org.consumer.EmailSender - Topic: low-priority-mails | Consumer: 0 | Sent to: user-51@standard.com | Created: 1779955701833 | Sent: 1779955705842
2026-05-28 10:08:25 INFO  org.consumer.EmailSender - Topic: low-priority-mails | Consumer: 0 | Sent to: user-50@standard.com | Created: 1779955701833 | Sent: 1779955705842
2026-05-28 10:08:25 INFO  org.consumer.EmailSender - Topic: low-priority-mails | Consumer: 0 | Sent to: user-59@standard.com | Created: 1779955701838 | Sent: 1779955705844
2026-05-28 10:08:25 INFO  org.consumer.EmailSender - Topic: low-priority-mails | Consumer: 0 | Sent to: user-10@standard.com | Created: 1779955701824 | Sent: 1779955705844
2026-05-28 10:08:25 INFO  org.consumer.EmailSender - Topic: low-priority-mails | Consumer: 0 | Sent to: user-27@standard.com | Created: 1779955701829 | Sent: 1779955705853
2026-05-28 10:08:25 INFO  org.consumer.EmailSender - Topic: low-priority-mails | Consumer: 0 | Sent to: user-32@standard.com | Created: 1779955701830 | Sent: 1779955705853
2026-05-28 10:08:25 INFO  org.consumer.EmailSender - Topic: low-priority-mails | Consumer: 0 | Sent to: user-64@standard.com | Created: 1779955701838 | Sent: 1779955705855
2026-05-28 10:08:25 INFO  org.consumer.EmailSender - Topic: low-priority-mails | Consumer: 0 | Sent to: user-17@standard.com | Created: 1779955701827 | Sent: 1779955705857
2026-05-28 10:08:25 INFO  org.consumer.EmailSender - Topic: low-priority-mails | Consumer: 0 | Sent to: user-30@standard.com | Created: 1779955701830 | Sent: 1779955705857
2026-05-28 10:08:25 INFO  org.consumer.EmailSender - Topic: low-priority-mails | Consumer: 0 | Sent to: user-24@standard.com | Created: 1779955701829 | Sent: 1779955705857
2026-05-28 10:08:25 INFO  org.consumer.EmailSender - Topic: low-priority-mails | Consumer: 0 | Sent to: user-74@standard.com | Created: 1779955701839 | Sent: 1779955705857
2026-05-28 10:08:25 INFO  org.consumer.EmailSender - Topic: low-priority-mails | Consumer: 0 | Sent to: user-44@standard.com | Created: 1779955701831 | Sent: 1779955705857
2026-05-28 10:08:25 INFO  org.consumer.EmailSender - Topic: low-priority-mails | Consumer: 0 | Sent to: user-26@standard.com | Created: 1779955701829 | Sent: 1779955705857
2026-05-28 10:08:25 INFO  org.consumer.EmailSender - Topic: low-priority-mails | Consumer: 0 | Sent to: user-14@standard.com | Created: 1779955701824 | Sent: 1779955705857
2026-05-28 10:08:25 INFO  org.consumer.EmailSender - Topic: low-priority-mails | Consumer: 0 | Sent to: user-38@standard.com | Created: 1779955701831 | Sent: 1779955705857
2026-05-28 10:08:25 INFO  org.consumer.EmailSender - Topic: low-priority-mails | Consumer: 0 | Sent to: user-66@standard.com | Created: 1779955701838 | Sent: 1779955705860
2026-05-28 10:08:25 INFO  org.consumer.EmailSender - Topic: low-priority-mails | Consumer: 0 | Sent to: user-61@standard.com | Created: 1779955701838 | Sent: 1779955705860
2026-05-28 10:08:25 INFO  org.consumer.EmailSender - Topic: low-priority-mails | Consumer: 0 | Sent to: user-6@standard.com | Created: 1779955701824 | Sent: 1779955705860
2026-05-28 10:08:25 INFO  org.consumer.EmailSender - Topic: low-priority-mails | Consumer: 0 | Sent to: user-62@standard.com | Created: 1779955701838 | Sent: 1779955705860
2026-05-28 10:08:25 INFO  org.consumer.EmailSender - Topic: low-priority-mails | Consumer: 0 | Sent to: user-37@standard.com | Created: 1779955701831 | Sent: 1779955705860
2026-05-28 10:08:25 INFO  org.consumer.EmailSender - Topic: low-priority-mails | Consumer: 0 | Sent to: user-18@standard.com | Created: 1779955701827 | Sent: 1779955705860
2026-05-28 10:08:25 INFO  org.consumer.EmailSender - Topic: low-priority-mails | Consumer: 0 | Sent to: user-60@standard.com | Created: 1779955701838 | Sent: 1779955705861
2026-05-28 10:08:25 INFO  org.consumer.EmailSender - Topic: low-priority-mails | Consumer: 0 | Sent to: user-41@standard.com | Created: 1779955701831 | Sent: 1779955705861
2026-05-28 10:08:25 INFO  org.consumer.EmailSender - Topic: low-priority-mails | Consumer: 0 | Sent to: user-67@standard.com | Created: 1779955701838 | Sent: 1779955705861
2026-05-28 10:08:25 INFO  org.consumer.EmailSender - Topic: low-priority-mails | Consumer: 0 | Sent to: user-12@standard.com | Created: 1779955701824 | Sent: 1779955705857
2026-05-28 10:08:25 INFO  org.consumer.EmailSender - Topic: low-priority-mails | Consumer: 0 | Sent to: user-52@standard.com | Created: 1779955701833 | Sent: 1779955705857
2026-05-28 10:08:25 INFO  org.consumer.EmailSender - Topic: low-priority-mails | Consumer: 0 | Sent to: user-43@standard.com | Created: 1779955701831 | Sent: 1779955705865
2026-05-28 10:08:25 INFO  org.consumer.EmailSender - Topic: low-priority-mails | Consumer: 0 | Sent to: user-34@standard.com | Created: 1779955701831 | Sent: 1779955705866
2026-05-28 10:08:25 INFO  org.consumer.EmailSender - Topic: low-priority-mails | Consumer: 0 | Sent to: user-78@standard.com | Created: 1779955701839 | Sent: 1779955705867
2026-05-28 10:08:25 INFO  org.consumer.EmailSender - Topic: low-priority-mails | Consumer: 0 | Sent to: user-65@standard.com | Created: 1779955701838 | Sent: 1779955705867
2026-05-28 10:08:25 INFO  org.consumer.EmailSender - Topic: low-priority-mails | Consumer: 0 | Sent to: user-23@standard.com | Created: 1779955701829 | Sent: 1779955705887
2026-05-28 10:08:25 INFO  org.consumer.EmailSender - Topic: low-priority-mails | Consumer: 0 | Sent to: user-83@standard.com | Created: 1779955701841 | Sent: 1779955705887
2026-05-28 10:08:25 INFO  org.consumer.EmailSender - Topic: low-priority-mails | Consumer: 0 | Sent to: user-68@standard.com | Created: 1779955701839 | Sent: 1779955705889
2026-05-28 10:08:25 INFO  org.consumer.EmailSender - Topic: low-priority-mails | Consumer: 0 | Sent to: user-33@standard.com | Created: 1779955701830 | Sent: 1779955705889
2026-05-28 10:08:25 INFO  org.consumer.EmailSender - Topic: low-priority-mails | Consumer: 0 | Sent to: user-49@standard.com | Created: 1779955701832 | Sent: 1779955705889
2026-05-28 10:08:25 INFO  org.consumer.EmailSender - Topic: low-priority-mails | Consumer: 0 | Sent to: user-58@standard.com | Created: 1779955701837 | Sent: 1779955705889
2026-05-28 10:08:25 INFO  org.consumer.EmailSender - Topic: low-priority-mails | Consumer: 0 | Sent to: user-63@standard.com | Created: 1779955701838 | Sent: 1779955705889
2026-05-28 10:08:25 INFO  org.consumer.EmailSender - Topic: low-priority-mails | Consumer: 0 | Sent to: user-70@standard.com | Created: 1779955701839 | Sent: 1779955705905
2026-05-28 10:08:25 INFO  org.consumer.EmailSender - Topic: low-priority-mails | Consumer: 0 | Sent to: user-5@standard.com | Created: 1779955701824 | Sent: 1779955705905
2026-05-28 10:08:25 INFO  org.consumer.EmailSender - Topic: low-priority-mails | Consumer: 0 | Sent to: user-84@standard.com | Created: 1779955701841 | Sent: 1779955705905
2026-05-28 10:08:25 INFO  org.consumer.EmailSender - Topic: low-priority-mails | Consumer: 0 | Sent to: user-75@standard.com | Created: 1779955701839 | Sent: 1779955705905
2026-05-28 10:08:25 INFO  org.consumer.EmailSender - Topic: low-priority-mails | Consumer: 0 | Sent to: user-82@standard.com | Created: 1779955701841 | Sent: 1779955705905
2026-05-28 10:08:25 INFO  org.consumer.EmailSender - Topic: low-priority-mails | Consumer: 0 | Sent to: user-73@standard.com | Created: 1779955701839 | Sent: 1779955705905
2026-05-28 10:08:25 INFO  org.consumer.EmailSender - Topic: low-priority-mails | Consumer: 0 | Sent to: user-80@standard.com | Created: 1779955701841 | Sent: 1779955705905
2026-05-28 10:08:25 INFO  org.consumer.EmailSender - Topic: low-priority-mails | Consumer: 0 | Sent to: user-76@standard.com | Created: 1779955701839 | Sent: 1779955705905
2026-05-28 10:08:25 INFO  org.consumer.EmailSender - Topic: low-priority-mails | Consumer: 0 | Sent to: user-72@standard.com | Created: 1779955701839 | Sent: 1779955705906
2026-05-28 10:08:25 INFO  org.consumer.EmailSender - Topic: low-priority-mails | Consumer: 0 | Sent to: user-77@standard.com | Created: 1779955701839 | Sent: 1779955705906
2026-05-28 10:08:25 INFO  org.consumer.EmailSender - Topic: low-priority-mails | Consumer: 0 | Sent to: user-69@standard.com | Created: 1779955701839 | Sent: 1779955705906
2026-05-28 10:08:25 INFO  org.consumer.EmailSender - Topic: low-priority-mails | Consumer: 0 | Sent to: user-71@standard.com | Created: 1779955701839 | Sent: 1779955705906
2026-05-28 10:08:25 INFO  org.consumer.EmailSender - Topic: low-priority-mails | Consumer: 0 | Sent to: user-79@standard.com | Created: 1779955701839 | Sent: 1779955705908
2026-05-28 10:08:25 INFO  org.consumer.EmailSender - Topic: low-priority-mails | Consumer: 0 | Sent to: user-122@standard.com | Created: 1779955701843 | Sent: 1779955705908
2026-05-28 10:08:25 INFO  org.consumer.EmailSender - Topic: low-priority-mails | Consumer: 0 | Sent to: user-86@standard.com | Created: 1779955701842 | Sent: 1779955705909
2026-05-28 10:08:25 INFO  org.consumer.EmailSender - Topic: low-priority-mails | Consumer: 0 | Sent to: user-94@standard.com | Created: 1779955701842 | Sent: 1779955705909
2026-05-28 10:08:25 INFO  org.consumer.EmailSender - Topic: low-priority-mails | Consumer: 0 | Sent to: user-92@standard.com | Created: 1779955701842 | Sent: 1779955705909
2026-05-28 10:08:25 INFO  org.consumer.EmailSender - Topic: low-priority-mails | Consumer: 0 | Sent to: user-85@standard.com | Created: 1779955701841 | Sent: 1779955705909
2026-05-28 10:08:25 INFO  org.consumer.EmailSender - Topic: low-priority-mails | Consumer: 0 | Sent to: user-101@standard.com | Created: 1779955701843 | Sent: 1779955705909
2026-05-28 10:08:25 INFO  org.consumer.EmailSender - Topic: low-priority-mails | Consumer: 0 | Sent to: user-111@standard.com | Created: 1779955701843 | Sent: 1779955705910
2026-05-28 10:08:25 INFO  org.consumer.EmailSender - Topic: low-priority-mails | Consumer: 0 | Sent to: user-89@standard.com | Created: 1779955701842 | Sent: 1779955705911
2026-05-28 10:08:25 INFO  org.consumer.EmailSender - Topic: low-priority-mails | Consumer: 0 | Sent to: user-105@standard.com | Created: 1779955701843 | Sent: 1779955705911
2026-05-28 10:08:25 INFO  org.consumer.EmailSender - Topic: low-priority-mails | Consumer: 0 | Sent to: user-99@standard.com | Created: 1779955701843 | Sent: 1779955705911
2026-05-28 10:08:25 INFO  org.consumer.EmailSender - Topic: low-priority-mails | Consumer: 0 | Sent to: user-108@standard.com | Created: 1779955701843 | Sent: 1779955705911
2026-05-28 10:08:25 INFO  org.consumer.EmailSender - Topic: low-priority-mails | Consumer: 0 | Sent to: user-110@standard.com | Created: 1779955701843 | Sent: 1779955705912
2026-05-28 10:08:25 INFO  org.consumer.EmailSender - Topic: low-priority-mails | Consumer: 0 | Sent to: user-113@standard.com | Created: 1779955701843 | Sent: 1779955705913
2026-05-28 10:08:25 INFO  org.consumer.EmailSender - Topic: low-priority-mails | Consumer: 0 | Sent to: user-128@standard.com | Created: 1779955701843 | Sent: 1779955705921
2026-05-28 10:08:25 INFO  org.consumer.EmailSender - Topic: low-priority-mails | Consumer: 0 | Sent to: user-121@standard.com | Created: 1779955701843 | Sent: 1779955705922
2026-05-28 10:08:25 INFO  org.consumer.EmailSender - Topic: low-priority-mails | Consumer: 0 | Sent to: user-135@standard.com | Created: 1779955701847 | Sent: 1779955705922
2026-05-28 10:08:25 INFO  org.consumer.EmailSender - Topic: low-priority-mails | Consumer: 0 | Sent to: user-88@standard.com | Created: 1779955701842 | Sent: 1779955705922
2026-05-28 10:08:25 INFO  org.consumer.EmailSender - Topic: low-priority-mails | Consumer: 0 | Sent to: user-107@standard.com | Created: 1779955701843 | Sent: 1779955705923
2026-05-28 10:08:25 INFO  org.consumer.EmailSender - Topic: low-priority-mails | Consumer: 0 | Sent to: user-114@standard.com | Created: 1779955701843 | Sent: 1779955705923
2026-05-28 10:08:25 INFO  org.consumer.EmailSender - Topic: low-priority-mails | Consumer: 0 | Sent to: user-136@standard.com | Created: 1779955701847 | Sent: 1779955705924
2026-05-28 10:08:25 INFO  org.consumer.EmailSender - Topic: low-priority-mails | Consumer: 0 | Sent to: user-87@standard.com | Created: 1779955701842 | Sent: 1779955705924
2026-05-28 10:08:25 INFO  org.consumer.EmailSender - Topic: low-priority-mails | Consumer: 0 | Sent to: user-120@standard.com | Created: 1779955701843 | Sent: 1779955705924
2026-05-28 10:08:25 INFO  org.consumer.EmailSender - Topic: low-priority-mails | Consumer: 0 | Sent to: user-133@standard.com | Created: 1779955701847 | Sent: 1779955705924
2026-05-28 10:08:25 INFO  org.consumer.EmailSender - Topic: low-priority-mails | Consumer: 0 | Sent to: user-141@standard.com | Created: 1779955701847 | Sent: 1779955705926
2026-05-28 10:08:25 INFO  org.consumer.EmailSender - Topic: low-priority-mails | Consumer: 0 | Sent to: user-139@standard.com | Created: 1779955701847 | Sent: 1779955705927
2026-05-28 10:08:25 INFO  org.consumer.EmailSender - Topic: low-priority-mails | Consumer: 0 | Sent to: user-97@standard.com | Created: 1779955701843 | Sent: 1779955705927
2026-05-28 10:08:25 INFO  org.consumer.EmailSender - Topic: low-priority-mails | Consumer: 0 | Sent to: user-81@standard.com | Created: 1779955701841 | Sent: 1779955705926
2026-05-28 10:08:25 INFO  org.consumer.EmailSender - Topic: low-priority-mails | Consumer: 0 | Sent to: user-90@standard.com | Created: 1779955701842 | Sent: 1779955705927
2026-05-28 10:08:25 INFO  org.consumer.EmailSender - Topic: low-priority-mails | Consumer: 0 | Sent to: user-104@standard.com | Created: 1779955701843 | Sent: 1779955705937
2026-05-28 10:08:25 INFO  org.consumer.EmailSender - Topic: low-priority-mails | Consumer: 0 | Sent to: user-100@standard.com | Created: 1779955701843 | Sent: 1779955705937
2026-05-28 10:08:25 INFO  org.consumer.EmailSender - Topic: low-priority-mails | Consumer: 0 | Sent to: user-124@standard.com | Created: 1779955701843 | Sent: 1779955705937
2026-05-28 10:08:25 INFO  org.consumer.EmailSender - Topic: low-priority-mails | Consumer: 0 | Sent to: user-98@standard.com | Created: 1779955701843 | Sent: 1779955705937
2026-05-28 10:08:25 INFO  org.consumer.EmailSender - Topic: low-priority-mails | Consumer: 0 | Sent to: user-117@standard.com | Created: 1779955701843 | Sent: 1779955705938
2026-05-28 10:08:25 INFO  org.consumer.EmailSender - Topic: low-priority-mails | Consumer: 0 | Sent to: user-146@standard.com | Created: 1779955701847 | Sent: 1779955705961
2026-05-28 10:08:25 INFO  org.consumer.EmailSender - Topic: low-priority-mails | Consumer: 0 | Sent to: user-143@standard.com | Created: 1779955701847 | Sent: 1779955705970
2026-05-28 10:08:25 INFO  org.consumer.EmailSender - Topic: low-priority-mails | Consumer: 0 | Sent to: user-102@standard.com | Created: 1779955701843 | Sent: 1779955705970
2026-05-28 10:08:25 INFO  org.consumer.EmailSender - Topic: low-priority-mails | Consumer: 0 | Sent to: user-131@standard.com | Created: 1779955701847 | Sent: 1779955705970
2026-05-28 10:08:25 INFO  org.consumer.EmailSender - Topic: low-priority-mails | Consumer: 0 | Sent to: user-147@standard.com | Created: 1779955701847 | Sent: 1779955705970
2026-05-28 10:08:25 INFO  org.consumer.EmailSender - Topic: low-priority-mails | Consumer: 0 | Sent to: user-125@standard.com | Created: 1779955701843 | Sent: 1779955705970
2026-05-28 10:08:25 INFO  org.consumer.EmailSender - Topic: low-priority-mails | Consumer: 0 | Sent to: user-153@standard.com | Created: 1779955701847 | Sent: 1779955705971
2026-05-28 10:08:25 INFO  org.consumer.EmailSender - Topic: low-priority-mails | Consumer: 0 | Sent to: user-112@standard.com | Created: 1779955701843 | Sent: 1779955705983
2026-05-28 10:08:25 INFO  org.consumer.EmailSender - Topic: low-priority-mails | Consumer: 0 | Sent to: user-91@standard.com | Created: 1779955701842 | Sent: 1779955705983
2026-05-28 10:08:25 INFO  org.consumer.EmailSender - Topic: low-priority-mails | Consumer: 0 | Sent to: user-154@standard.com | Created: 1779955701847 | Sent: 1779955705983
2026-05-28 10:08:25 INFO  org.consumer.EmailSender - Topic: low-priority-mails | Consumer: 0 | Sent to: user-163@standard.com | Created: 1779955701847 | Sent: 1779955705984
2026-05-28 10:08:25 INFO  org.consumer.EmailSender - Topic: low-priority-mails | Consumer: 0 | Sent to: user-160@standard.com | Created: 1779955701847 | Sent: 1779955705984
2026-05-28 10:08:25 INFO  org.consumer.EmailSender - Topic: low-priority-mails | Consumer: 0 | Sent to: user-145@standard.com | Created: 1779955701847 | Sent: 1779955705985
2026-05-28 10:08:25 INFO  org.consumer.EmailSender - Topic: low-priority-mails | Consumer: 0 | Sent to: user-130@standard.com | Created: 1779955701843 | Sent: 1779955705985
2026-05-28 10:08:25 INFO  org.consumer.EmailSender - Topic: low-priority-mails | Consumer: 0 | Sent to: user-95@standard.com | Created: 1779955701842 | Sent: 1779955705986
2026-05-28 10:08:25 INFO  org.consumer.EmailSender - Topic: low-priority-mails | Consumer: 0 | Sent to: user-156@standard.com | Created: 1779955701847 | Sent: 1779955705987
2026-05-28 10:08:25 INFO  org.consumer.EmailSender - Topic: low-priority-mails | Consumer: 0 | Sent to: user-152@standard.com | Created: 1779955701847 | Sent: 1779955705987
2026-05-28 10:08:25 INFO  org.consumer.EmailSender - Topic: low-priority-mails | Consumer: 0 | Sent to: user-150@standard.com | Created: 1779955701847 | Sent: 1779955705987
2026-05-28 10:08:25 INFO  org.consumer.EmailSender - Topic: low-priority-mails | Consumer: 0 | Sent to: user-103@standard.com | Created: 1779955701843 | Sent: 1779955705988
2026-05-28 10:08:25 INFO  org.consumer.EmailSender - Topic: low-priority-mails | Consumer: 0 | Sent to: user-129@standard.com | Created: 1779955701843 | Sent: 1779955705988
2026-05-28 10:08:25 INFO  org.consumer.EmailSender - Topic: low-priority-mails | Consumer: 0 | Sent to: user-106@standard.com | Created: 1779955701843 | Sent: 1779955705988
2026-05-28 10:08:25 INFO  org.consumer.EmailSender - Topic: low-priority-mails | Consumer: 0 | Sent to: user-118@standard.com | Created: 1779955701843 | Sent: 1779955705988
2026-05-28 10:08:25 INFO  org.consumer.EmailSender - Topic: low-priority-mails | Consumer: 0 | Sent to: user-140@standard.com | Created: 1779955701847 | Sent: 1779955705989
2026-05-28 10:08:25 INFO  org.consumer.EmailSender - Topic: low-priority-mails | Consumer: 0 | Sent to: user-137@standard.com | Created: 1779955701847 | Sent: 1779955705989
2026-05-28 10:08:25 INFO  org.consumer.EmailSender - Topic: low-priority-mails | Consumer: 0 | Sent to: user-157@standard.com | Created: 1779955701847 | Sent: 1779955705989
2026-05-28 10:08:25 INFO  org.consumer.EmailSender - Topic: low-priority-mails | Consumer: 0 | Sent to: user-109@standard.com | Created: 1779955701843 | Sent: 1779955705989
2026-05-28 10:08:25 INFO  org.consumer.EmailSender - Topic: low-priority-mails | Consumer: 0 | Sent to: user-119@standard.com | Created: 1779955701843 | Sent: 1779955705990
2026-05-28 10:08:25 INFO  org.consumer.EmailSender - Topic: low-priority-mails | Consumer: 0 | Sent to: user-116@standard.com | Created: 1779955701843 | Sent: 1779955705990
2026-05-28 10:08:25 INFO  org.consumer.EmailSender - Topic: low-priority-mails | Consumer: 0 | Sent to: user-149@standard.com | Created: 1779955701847 | Sent: 1779955705990
2026-05-28 10:08:25 INFO  org.consumer.EmailSender - Topic: low-priority-mails | Consumer: 0 | Sent to: user-151@standard.com | Created: 1779955701847 | Sent: 1779955705990
2026-05-28 10:08:25 INFO  org.consumer.EmailSender - Topic: low-priority-mails | Consumer: 0 | Sent to: user-127@standard.com | Created: 1779955701843 | Sent: 1779955705990
2026-05-28 10:08:25 INFO  org.consumer.EmailSender - Topic: low-priority-mails | Consumer: 0 | Sent to: user-142@standard.com | Created: 1779955701847 | Sent: 1779955705990
2026-05-28 10:08:25 INFO  org.consumer.EmailSender - Topic: low-priority-mails | Consumer: 0 | Sent to: user-138@standard.com | Created: 1779955701847 | Sent: 1779955705991
2026-05-28 10:08:25 INFO  org.consumer.EmailSender - Topic: low-priority-mails | Consumer: 0 | Sent to: user-115@standard.com | Created: 1779955701843 | Sent: 1779955705991
2026-05-28 10:08:25 INFO  org.consumer.EmailSender - Topic: low-priority-mails | Consumer: 0 | Sent to: user-158@standard.com | Created: 1779955701847 | Sent: 1779955705992
2026-05-28 10:08:25 INFO  org.consumer.EmailSender - Topic: low-priority-mails | Consumer: 0 | Sent to: user-126@standard.com | Created: 1779955701843 | Sent: 1779955705992
2026-05-28 10:08:25 INFO  org.consumer.EmailSender - Topic: low-priority-mails | Consumer: 0 | Sent to: user-123@standard.com | Created: 1779955701843 | Sent: 1779955705993
2026-05-28 10:08:25 INFO  org.consumer.EmailSender - Topic: low-priority-mails | Consumer: 0 | Sent to: user-144@standard.com | Created: 1779955701847 | Sent: 1779955705993
2026-05-28 10:08:25 INFO  org.consumer.EmailSender - Topic: low-priority-mails | Consumer: 0 | Sent to: user-155@standard.com | Created: 1779955701847 | Sent: 1779955705993
2026-05-28 10:08:25 INFO  org.consumer.EmailSender - Topic: low-priority-mails | Consumer: 0 | Sent to: user-134@standard.com | Created: 1779955701847 | Sent: 1779955705993
2026-05-28 10:08:25 INFO  org.consumer.EmailSender - Topic: low-priority-mails | Consumer: 0 | Sent to: user-46@standard.com | Created: 1779955701832 | Sent: 1779955705993
2026-05-28 10:08:25 INFO  org.consumer.EmailSender - Topic: low-priority-mails | Consumer: 0 | Sent to: user-132@standard.com | Created: 1779955701847 | Sent: 1779955705994
2026-05-28 10:08:25 INFO  org.consumer.EmailSender - Topic: low-priority-mails | Consumer: 0 | Sent to: user-167@standard.com | Created: 1779955701851 | Sent: 1779955705994
2026-05-28 10:08:25 INFO  org.consumer.EmailSender - Topic: low-priority-mails | Consumer: 0 | Sent to: user-148@standard.com | Created: 1779955701847 | Sent: 1779955705994
2026-05-28 10:08:25 INFO  org.consumer.EmailSender - Topic: low-priority-mails | Consumer: 0 | Sent to: user-39@standard.com | Created: 1779955701831 | Sent: 1779955705994
2026-05-28 10:08:25 INFO  org.consumer.EmailSender - Topic: low-priority-mails | Consumer: 0 | Sent to: user-21@standard.com | Created: 1779955701829 | Sent: 1779955705995
2026-05-28 10:08:25 INFO  org.consumer.EmailSender - Topic: low-priority-mails | Consumer: 0 | Sent to: user-93@standard.com | Created: 1779955701842 | Sent: 1779955705996
2026-05-28 10:08:25 INFO  org.consumer.EmailSender - Topic: low-priority-mails | Consumer: 0 | Sent to: user-174@standard.com | Created: 1779955701851 | Sent: 1779955705996
2026-05-28 10:08:26 INFO  org.consumer.EmailSender - Topic: low-priority-mails | Consumer: 0 | Sent to: user-182@standard.com | Created: 1779955701851 | Sent: 1779955706005
2026-05-28 10:08:26 INFO  org.consumer.EmailSender - Topic: low-priority-mails | Consumer: 0 | Sent to: user-168@standard.com | Created: 1779955701851 | Sent: 1779955706005
2026-05-28 10:08:26 INFO  org.consumer.EmailSender - Topic: low-priority-mails | Consumer: 0 | Sent to: user-172@standard.com | Created: 1779955701851 | Sent: 1779955706005
2026-05-28 10:08:26 INFO  org.consumer.EmailSender - Topic: low-priority-mails | Consumer: 0 | Sent to: user-197@standard.com | Created: 1779955701851 | Sent: 1779955706005
2026-05-28 10:08:26 INFO  org.consumer.EmailSender - Topic: low-priority-mails | Consumer: 0 | Sent to: user-173@standard.com | Created: 1779955701851 | Sent: 1779955706006
2026-05-28 10:08:26 INFO  org.consumer.EmailSender - Topic: low-priority-mails | Consumer: 0 | Sent to: user-177@standard.com | Created: 1779955701851 | Sent: 1779955706007
2026-05-28 10:08:26 INFO  org.consumer.EmailSender - Topic: low-priority-mails | Consumer: 0 | Sent to: user-47@standard.com | Created: 1779955701832 | Sent: 1779955706007
2026-05-28 10:08:26 INFO  org.consumer.EmailSender - Topic: low-priority-mails | Consumer: 0 | Sent to: user-165@standard.com | Created: 1779955701851 | Sent: 1779955706007
2026-05-28 10:08:26 INFO  org.consumer.EmailSender - Topic: low-priority-mails | Consumer: 0 | Sent to: user-179@standard.com | Created: 1779955701851 | Sent: 1779955706008
2026-05-28 10:08:26 INFO  org.consumer.EmailSender - Topic: low-priority-mails | Consumer: 0 | Sent to: user-190@standard.com | Created: 1779955701851 | Sent: 1779955706020
2026-05-28 10:08:26 INFO  org.consumer.EmailSender - Topic: low-priority-mails | Consumer: 0 | Sent to: user-185@standard.com | Created: 1779955701851 | Sent: 1779955706020
2026-05-28 10:08:26 INFO  org.consumer.EmailSender - Topic: low-priority-mails | Consumer: 0 | Sent to: user-178@standard.com | Created: 1779955701851 | Sent: 1779955706021
2026-05-28 10:08:26 INFO  org.consumer.EmailSender - Topic: low-priority-mails | Consumer: 0 | Sent to: user-96@standard.com | Created: 1779955701843 | Sent: 1779955706021
2026-05-28 10:08:26 INFO  org.consumer.EmailSender - Topic: low-priority-mails | Consumer: 0 | Sent to: user-188@standard.com | Created: 1779955701851 | Sent: 1779955706021
2026-05-28 10:08:26 INFO  org.consumer.EmailSender - Topic: low-priority-mails | Consumer: 0 | Sent to: user-29@standard.com | Created: 1779955701829 | Sent: 1779955706024
2026-05-28 10:08:26 INFO  org.consumer.EmailSender - Topic: low-priority-mails | Consumer: 0 | Sent to: user-198@standard.com | Created: 1779955701851 | Sent: 1779955706024
2026-05-28 10:08:26 INFO  org.consumer.EmailSender - Topic: low-priority-mails | Consumer: 0 | Sent to: user-180@standard.com | Created: 1779955701851 | Sent: 1779955706025
2026-05-28 10:08:26 INFO  org.consumer.EmailSender - Topic: low-priority-mails | Consumer: 0 | Sent to: user-196@standard.com | Created: 1779955701851 | Sent: 1779955706025
2026-05-28 10:08:26 INFO  org.consumer.EmailSender - Topic: low-priority-mails | Consumer: 0 | Sent to: user-181@standard.com | Created: 1779955701851 | Sent: 1779955706025
2026-05-28 10:08:26 INFO  org.consumer.EmailSender - Topic: low-priority-mails | Consumer: 0 | Sent to: user-175@standard.com | Created: 1779955701851 | Sent: 1779955706025
2026-05-28 10:08:26 INFO  org.consumer.EmailSender - Topic: low-priority-mails | Consumer: 0 | Sent to: user-161@standard.com | Created: 1779955701847 | Sent: 1779955706026
2026-05-28 10:08:26 INFO  org.consumer.EmailSender - Topic: low-priority-mails | Consumer: 0 | Sent to: user-164@standard.com | Created: 1779955701847 | Sent: 1779955706026
2026-05-28 10:08:26 INFO  org.consumer.EmailSender - Topic: low-priority-mails | Consumer: 0 | Sent to: user-189@standard.com | Created: 1779955701851 | Sent: 1779955706026
2026-05-28 10:08:26 INFO  org.consumer.EmailSender - Topic: low-priority-mails | Consumer: 0 | Sent to: user-169@standard.com | Created: 1779955701851 | Sent: 1779955706026
2026-05-28 10:08:26 INFO  org.consumer.EmailSender - Topic: low-priority-mails | Consumer: 0 | Sent to: user-170@standard.com | Created: 1779955701851 | Sent: 1779955706027
2026-05-28 10:08:26 INFO  org.consumer.EmailSender - Topic: low-priority-mails | Consumer: 0 | Sent to: user-187@standard.com | Created: 1779955701851 | Sent: 1779955706027
2026-05-28 10:08:26 INFO  org.consumer.EmailSender - Topic: low-priority-mails | Consumer: 0 | Sent to: user-176@standard.com | Created: 1779955701851 | Sent: 1779955706027
2026-05-28 10:08:26 INFO  org.consumer.EmailSender - Topic: low-priority-mails | Consumer: 0 | Sent to: user-171@standard.com | Created: 1779955701851 | Sent: 1779955706027
2026-05-28 10:08:26 INFO  org.consumer.EmailSender - Topic: low-priority-mails | Consumer: 0 | Sent to: user-162@standard.com | Created: 1779955701847 | Sent: 1779955706027
2026-05-28 10:08:26 INFO  org.consumer.EmailSender - Topic: low-priority-mails | Consumer: 0 | Sent to: user-20@standard.com | Created: 1779955701829 | Sent: 1779955706027
2026-05-28 10:08:26 INFO  org.consumer.EmailSender - Topic: low-priority-mails | Consumer: 0 | Sent to: user-183@standard.com | Created: 1779955701851 | Sent: 1779955706027
2026-05-28 10:08:26 INFO  org.consumer.EmailSender - Topic: low-priority-mails | Consumer: 0 | Sent to: user-159@standard.com | Created: 1779955701847 | Sent: 1779955706027
2026-05-28 10:08:26 INFO  org.consumer.EmailSender - Topic: low-priority-mails | Consumer: 0 | Sent to: user-199@standard.com | Created: 1779955701851 | Sent: 1779955706027
2026-05-28 10:08:26 INFO  org.consumer.EmailSender - Topic: low-priority-mails | Consumer: 0 | Sent to: user-186@standard.com | Created: 1779955701851 | Sent: 1779955706027
2026-05-28 10:08:26 INFO  org.consumer.EmailSender - Topic: low-priority-mails | Consumer: 0 | Sent to: user-184@standard.com | Created: 1779955701851 | Sent: 1779955706027
2026-05-28 10:08:26 INFO  org.consumer.EmailSender - Topic: low-priority-mails | Consumer: 0 | Sent to: user-9@standard.com | Created: 1779955701824 | Sent: 1779955706027
2026-05-28 10:08:26 INFO  org.consumer.EmailSender - Topic: low-priority-mails | Consumer: 0 | Sent to: user-166@standard.com | Created: 1779955701851 | Sent: 1779955706028
2026-05-28 10:08:26 INFO  org.consumer.EmailSender - Topic: low-priority-mails | Consumer: 0 | Sent to: user-218@standard.com | Created: 1779955701851 | Sent: 1779955706074
2026-05-28 10:08:26 INFO  org.consumer.EmailSender - Topic: low-priority-mails | Consumer: 0 | Sent to: user-206@standard.com | Created: 1779955701851 | Sent: 1779955706074
2026-05-28 10:08:26 INFO  org.consumer.EmailSender - Topic: low-priority-mails | Consumer: 0 | Sent to: user-219@standard.com | Created: 1779955701851 | Sent: 1779955706074
2026-05-28 10:08:26 INFO  org.consumer.EmailSender - Topic: low-priority-mails | Consumer: 0 | Sent to: user-215@standard.com | Created: 1779955701851 | Sent: 1779955706074
2026-05-28 10:08:26 INFO  org.consumer.EmailSender - Topic: low-priority-mails | Consumer: 0 | Sent to: user-222@standard.com | Created: 1779955701851 | Sent: 1779955706074
2026-05-28 10:08:26 INFO  org.consumer.EmailSender - Topic: low-priority-mails | Consumer: 0 | Sent to: user-200@standard.com | Created: 1779955701851 | Sent: 1779955706074
2026-05-28 10:08:26 INFO  org.consumer.EmailSender - Topic: low-priority-mails | Consumer: 0 | Sent to: user-221@standard.com | Created: 1779955701851 | Sent: 1779955706074
2026-05-28 10:08:26 INFO  org.consumer.EmailSender - Topic: low-priority-mails | Consumer: 0 | Sent to: user-201@standard.com | Created: 1779955701851 | Sent: 1779955706074
2026-05-28 10:08:26 INFO  org.consumer.EmailSender - Topic: low-priority-mails | Consumer: 0 | Sent to: user-220@standard.com | Created: 1779955701851 | Sent: 1779955706074
2026-05-28 10:08:26 INFO  org.consumer.EmailSender - Topic: low-priority-mails | Consumer: 0 | Sent to: user-216@standard.com | Created: 1779955701851 | Sent: 1779955706074
2026-05-28 10:08:26 INFO  org.consumer.EmailSender - Topic: low-priority-mails | Consumer: 0 | Sent to: user-217@standard.com | Created: 1779955701851 | Sent: 1779955706074
2026-05-28 10:08:26 INFO  org.consumer.EmailSender - Topic: low-priority-mails | Consumer: 0 | Sent to: user-223@standard.com | Created: 1779955701851 | Sent: 1779955706074
2026-05-28 10:08:26 INFO  org.consumer.EmailSender - Topic: low-priority-mails | Consumer: 0 | Sent to: user-204@standard.com | Created: 1779955701851 | Sent: 1779955706078
2026-05-28 10:08:26 INFO  org.consumer.EmailSender - Topic: low-priority-mails | Consumer: 0 | Sent to: user-202@standard.com | Created: 1779955701851 | Sent: 1779955706080
2026-05-28 10:08:26 INFO  org.consumer.EmailSender - Topic: low-priority-mails | Consumer: 0 | Sent to: user-203@standard.com | Created: 1779955701851 | Sent: 1779955706081
2026-05-28 10:08:26 INFO  org.consumer.EmailSender - Topic: low-priority-mails | Consumer: 0 | Sent to: user-207@standard.com | Created: 1779955701851 | Sent: 1779955706081
2026-05-28 10:08:26 INFO  org.consumer.EmailSender - Topic: low-priority-mails | Consumer: 0 | Sent to: user-227@standard.com | Created: 1779955701851 | Sent: 1779955706092
2026-05-28 10:08:26 INFO  org.consumer.EmailSender - Topic: low-priority-mails | Consumer: 0 | Sent to: user-224@standard.com | Created: 1779955701851 | Sent: 1779955706093
2026-05-28 10:08:26 INFO  org.consumer.EmailSender - Topic: low-priority-mails | Consumer: 0 | Sent to: user-230@standard.com | Created: 1779955701851 | Sent: 1779955706099
2026-05-28 10:08:26 INFO  org.consumer.EmailSender - Topic: low-priority-mails | Consumer: 0 | Sent to: user-226@standard.com | Created: 1779955701851 | Sent: 1779955706100
2026-05-28 10:08:26 INFO  org.consumer.EmailSender - Topic: low-priority-mails | Consumer: 0 | Sent to: user-241@standard.com | Created: 1779955701851 | Sent: 1779955706101
2026-05-28 10:08:26 INFO  org.consumer.EmailSender - Topic: low-priority-mails | Consumer: 0 | Sent to: user-211@standard.com | Created: 1779955701851 | Sent: 1779955706103
2026-05-28 10:08:26 INFO  org.consumer.EmailSender - Topic: low-priority-mails | Consumer: 0 | Sent to: user-239@standard.com | Created: 1779955701851 | Sent: 1779955706103
2026-05-28 10:08:26 INFO  org.consumer.EmailSender - Topic: low-priority-mails | Consumer: 0 | Sent to: user-205@standard.com | Created: 1779955701851 | Sent: 1779955706107
2026-05-28 10:08:26 INFO  org.consumer.EmailSender - Topic: low-priority-mails | Consumer: 0 | Sent to: user-229@standard.com | Created: 1779955701851 | Sent: 1779955706107
2026-05-28 10:08:26 INFO  org.consumer.EmailSender - Topic: low-priority-mails | Consumer: 0 | Sent to: user-242@standard.com | Created: 1779955701851 | Sent: 1779955706107
2026-05-28 10:08:26 INFO  org.consumer.EmailSender - Topic: low-priority-mails | Consumer: 0 | Sent to: user-243@standard.com | Created: 1779955701851 | Sent: 1779955706107
2026-05-28 10:08:26 INFO  org.consumer.EmailSender - Topic: low-priority-mails | Consumer: 0 | Sent to: user-232@standard.com | Created: 1779955701851 | Sent: 1779955706107
2026-05-28 10:08:26 INFO  org.consumer.EmailSender - Topic: low-priority-mails | Consumer: 0 | Sent to: user-225@standard.com | Created: 1779955701851 | Sent: 1779955706107
2026-05-28 10:08:26 INFO  org.consumer.EmailSender - Topic: low-priority-mails | Consumer: 0 | Sent to: user-236@standard.com | Created: 1779955701851 | Sent: 1779955706109
2026-05-28 10:08:26 INFO  org.consumer.EmailSender - Topic: low-priority-mails | Consumer: 0 | Sent to: user-231@standard.com | Created: 1779955701851 | Sent: 1779955706109
2026-05-28 10:08:26 INFO  org.consumer.EmailSender - Topic: low-priority-mails | Consumer: 0 | Sent to: user-210@standard.com | Created: 1779955701851 | Sent: 1779955706109
2026-05-28 10:08:26 INFO  org.consumer.EmailSender - Topic: low-priority-mails | Consumer: 0 | Sent to: user-247@standard.com | Created: 1779955701859 | Sent: 1779955706109
2026-05-28 10:08:26 INFO  org.consumer.EmailSender - Topic: low-priority-mails | Consumer: 0 | Sent to: user-212@standard.com | Created: 1779955701851 | Sent: 1779955706109
2026-05-28 10:08:26 INFO  org.consumer.EmailSender - Topic: low-priority-mails | Consumer: 0 | Sent to: user-213@standard.com | Created: 1779955701851 | Sent: 1779955706109
2026-05-28 10:08:26 INFO  org.consumer.EmailSender - Topic: low-priority-mails | Consumer: 0 | Sent to: user-233@standard.com | Created: 1779955701851 | Sent: 1779955706109
2026-05-28 10:08:26 INFO  org.consumer.EmailSender - Topic: low-priority-mails | Consumer: 0 | Sent to: user-248@standard.com | Created: 1779955701860 | Sent: 1779955706112
2026-05-28 10:08:26 INFO  org.consumer.EmailSender - Topic: low-priority-mails | Consumer: 0 | Sent to: user-208@standard.com | Created: 1779955701851 | Sent: 1779955706112
2026-05-28 10:08:26 INFO  org.consumer.EmailSender - Topic: low-priority-mails | Consumer: 0 | Sent to: user-209@standard.com | Created: 1779955701851 | Sent: 1779955706112
2026-05-28 10:08:26 INFO  org.consumer.EmailSender - Topic: low-priority-mails | Consumer: 0 | Sent to: user-237@standard.com | Created: 1779955701851 | Sent: 1779955706112
2026-05-28 10:08:26 INFO  org.consumer.EmailSender - Topic: low-priority-mails | Consumer: 0 | Sent to: user-235@standard.com | Created: 1779955701851 | Sent: 1779955706112
2026-05-28 10:08:26 INFO  org.consumer.EmailSender - Topic: low-priority-mails | Consumer: 0 | Sent to: user-249@standard.com | Created: 1779955701860 | Sent: 1779955706112
2026-05-28 10:08:26 INFO  org.consumer.EmailSender - Topic: low-priority-mails | Consumer: 0 | Sent to: user-240@standard.com | Created: 1779955701851 | Sent: 1779955706112
2026-05-28 10:08:26 INFO  org.consumer.EmailSender - Topic: low-priority-mails | Consumer: 0 | Sent to: user-238@standard.com | Created: 1779955701851 | Sent: 1779955706112
2026-05-28 10:08:26 INFO  org.consumer.EmailSender - Topic: low-priority-mails | Consumer: 0 | Sent to: user-234@standard.com | Created: 1779955701851 | Sent: 1779955706112
2026-05-28 10:08:26 INFO  org.consumer.EmailSender - Topic: low-priority-mails | Consumer: 0 | Sent to: user-228@standard.com | Created: 1779955701851 | Sent: 1779955706112
2026-05-28 10:08:26 INFO  org.consumer.EmailSender - Topic: low-priority-mails | Consumer: 0 | Sent to: user-244@standard.com | Created: 1779955701851 | Sent: 1779955706112
2026-05-28 10:08:26 INFO  org.consumer.EmailSender - Topic: low-priority-mails | Consumer: 0 | Sent to: user-246@standard.com | Created: 1779955701859 | Sent: 1779955706112
2026-05-28 10:08:26 INFO  org.consumer.EmailSender - Topic: low-priority-mails | Consumer: 0 | Sent to: user-214@standard.com | Created: 1779955701851 | Sent: 1779955706112
2026-05-28 10:08:26 INFO  org.consumer.EmailSender - Topic: low-priority-mails | Consumer: 0 | Sent to: user-245@standard.com | Created: 1779955701859 | Sent: 1779955706113
2026-05-28 10:08:28 INFO  org.consumer.EmailSender - Topic: high-priority-mails | Consumer: 0 | Sent to: user-1@vip.com | Created: 1779955701823 | Sent: 1779955708547
2026-05-28 10:08:28 INFO  org.consumer.EmailSender - Topic: high-priority-mails | Consumer: 1 | Sent to: user-7@vip.com | Created: 1779955701824 | Sent: 1779955708547
2026-05-28 10:08:28 INFO  org.consumer.EmailSender - Topic: high-priority-mails | Consumer: 3 | Sent to: user-10@vip.com | Created: 1779955701824 | Sent: 1779955708547
2026-05-28 10:08:28 INFO  org.consumer.EmailSender - Topic: high-priority-mails | Consumer: 1 | Sent to: user-3@vip.com | Created: 1779955701824 | Sent: 1779955708547
2026-05-28 10:08:28 INFO  org.consumer.EmailSender - Topic: high-priority-mails | Consumer: 1 | Sent to: user-20@vip.com | Created: 1779955701829 | Sent: 1779955708547
2026-05-28 10:08:28 INFO  org.consumer.EmailSender - Topic: high-priority-mails | Consumer: 1 | Sent to: user-15@vip.com | Created: 1779955701824 | Sent: 1779955708547
2026-05-28 10:08:28 INFO  org.consumer.EmailSender - Topic: high-priority-mails | Consumer: 1 | Sent to: user-8@vip.com | Created: 1779955701824 | Sent: 1779955708547
2026-05-28 10:08:28 INFO  org.consumer.EmailSender - Topic: high-priority-mails | Consumer: 1 | Sent to: user-21@vip.com | Created: 1779955701829 | Sent: 1779955708547
2026-05-28 10:08:28 INFO  org.consumer.EmailSender - Topic: high-priority-mails | Consumer: 0 | Sent to: user-6@vip.com | Created: 1779955701824 | Sent: 1779955708547
2026-05-28 10:08:28 INFO  org.consumer.EmailSender - Topic: high-priority-mails | Consumer: 2 | Sent to: user-4@vip.com | Created: 1779955701824 | Sent: 1779955708547
2026-05-28 10:08:28 INFO  org.consumer.EmailSender - Topic: high-priority-mails | Consumer: 0 | Sent to: user-24@vip.com | Created: 1779955701829 | Sent: 1779955708551
2026-05-28 10:08:28 INFO  org.consumer.EmailSender - Topic: high-priority-mails | Consumer: 2 | Sent to: user-11@vip.com | Created: 1779955701824 | Sent: 1779955708551
2026-05-28 10:08:28 INFO  org.consumer.EmailSender - Topic: high-priority-mails | Consumer: 0 | Sent to: user-23@vip.com | Created: 1779955701829 | Sent: 1779955708552
2026-05-28 10:08:28 INFO  org.consumer.EmailSender - Topic: high-priority-mails | Consumer: 2 | Sent to: user-9@vip.com | Created: 1779955701824 | Sent: 1779955708553
2026-05-28 10:08:28 INFO  org.consumer.EmailSender - Topic: high-priority-mails | Consumer: 0 | Sent to: user-17@vip.com | Created: 1779955701824 | Sent: 1779955708555
2026-05-28 10:08:28 INFO  org.consumer.EmailSender - Topic: high-priority-mails | Consumer: 2 | Sent to: user-0@vip.com | Created: 1779955700868 | Sent: 1779955708556
2026-05-28 10:08:28 INFO  org.consumer.EmailSender - Topic: high-priority-mails | Consumer: 0 | Sent to: user-5@vip.com | Created: 1779955701824 | Sent: 1779955708556
2026-05-28 10:08:28 INFO  org.consumer.EmailSender - Topic: high-priority-mails | Consumer: 3 | Sent to: user-19@vip.com | Created: 1779955701824 | Sent: 1779955708556
2026-05-28 10:08:28 INFO  org.consumer.EmailSender - Topic: high-priority-mails | Consumer: 0 | Sent to: user-12@vip.com | Created: 1779955701824 | Sent: 1779955708556
2026-05-28 10:08:28 INFO  org.consumer.EmailSender - Topic: high-priority-mails | Consumer: 0 | Sent to: user-14@vip.com | Created: 1779955701824 | Sent: 1779955708556
2026-05-28 10:08:28 INFO  org.consumer.EmailSender - Topic: high-priority-mails | Consumer: 2 | Sent to: user-16@vip.com | Created: 1779955701824 | Sent: 1779955708557
2026-05-28 10:08:28 INFO  org.consumer.EmailSender - Topic: high-priority-mails | Consumer: 2 | Sent to: user-22@vip.com | Created: 1779955701829 | Sent: 1779955708557
2026-05-28 10:08:28 INFO  org.consumer.EmailSender - Topic: high-priority-mails | Consumer: 2 | Sent to: user-13@vip.com | Created: 1779955701824 | Sent: 1779955708558
2026-05-28 10:08:28 INFO  org.consumer.EmailSender - Topic: high-priority-mails | Consumer: 2 | Sent to: user-18@vip.com | Created: 1779955701824 | Sent: 1779955708558
2026-05-28 10:08:28 INFO  org.consumer.EmailSender - Topic: high-priority-mails | Consumer: 3 | Sent to: user-2@vip.com | Created: 1779955701823 | Sent: 1779955708558
2026-05-28 10:08:29 INFO  org.consumer.Main - Shutting down...
2026-05-28 10:08:49 INFO  org.consumer.Main - Shutdown complete.
